#
# There is insufficient memory for the Java Runtime Environment to continue.
# Native memory allocation (malloc) failed to allocate 61776 bytes for Chunk::new
# Possible reasons:
#   The system is out of physical RAM or swap space
#   In 32 bit mode, the process size limit was hit
# Possible solutions:
#   Reduce memory load on the system
#   Increase physical memory or swap space
#   Check if swap backing store is full
#   Use 64 bit Java on a 64 bit OS
#   Decrease Java heap size (-Xmx/-Xms)
#   Decrease number of Java threads
#   Decrease Java thread stack sizes (-Xss)
#   Set larger code cache with -XX:ReservedCodeCacheSize=
# This output file may be truncated or incomplete.
#
#  Out of Memory Error (allocation.cpp:388), pid=4692, tid=8252
#
# JRE version: Java(TM) SE Runtime Environment (8.0_05-b13) (build 1.8.0_05-b13)
# Java VM: Java HotSpot(TM) 64-Bit Server VM (25.5-b02 mixed mode windows-amd64 compressed oops)
# Failed to write core dump. Minidumps are not enabled by default on client versions of Windows
#

---------------  T H R E A D  ---------------

Current thread (0x0000000014aec800):  JavaThread "C2 CompilerThread0" daemon [_thread_in_native, id=8252, stack(0x0000000016050000,0x0000000016150000)]

Stack: [0x0000000016050000,0x0000000016150000]
Native frames: (J=compiled Java code, j=interpreted, Vv=VM code, C=native code)
V  [jvm.dll+0x308dea]
V  [jvm.dll+0x25def1]
V  [jvm.dll+0x25eb0f]
V  [jvm.dll+0x2564e5]
V  [jvm.dll+0xbcfc5]
V  [jvm.dll+0xbd45c]
V  [jvm.dll+0x468bac]
V  [jvm.dll+0x4360a3]
V  [jvm.dll+0x44111e]
V  [jvm.dll+0x4436a9]
V  [jvm.dll+0x427532]
V  [jvm.dll+0x96702]
V  [jvm.dll+0x96ef3]
V  [jvm.dll+0x2232c4]
V  [jvm.dll+0x27baca]
C  [msvcr100.dll+0x21d9f]
C  [msvcr100.dll+0x21e3b]
C  [KERNEL32.DLL+0x18102]
C  [ntdll.dll+0x5c5b4]


Current CompileTask:
C2:  38162 1003       4       com.android.dx.ssa.SsaMethod$2::addToUses (48 bytes)


---------------  P R O C E S S  ---------------

Java Threads: ( => current thread )
  0x00000000166a9000 JavaThread "pool-1-thread-1" [_thread_in_native, id=4348, stack(0x0000000017650000,0x0000000017750000)]
  0x0000000014b47800 JavaThread "Service Thread" daemon [_thread_blocked, id=10636, stack(0x0000000016350000,0x0000000016450000)]
  0x0000000014b44000 JavaThread "C1 CompilerThread2" daemon [_thread_blocked, id=3852, stack(0x0000000016250000,0x0000000016350000)]
  0x0000000014aef800 JavaThread "C2 CompilerThread1" daemon [_thread_in_native, id=5016, stack(0x0000000016150000,0x0000000016250000)]
=>0x0000000014aec800 JavaThread "C2 CompilerThread0" daemon [_thread_in_native, id=8252, stack(0x0000000016050000,0x0000000016150000)]
  0x0000000014aeb000 JavaThread "Attach Listener" daemon [_thread_blocked, id=12308, stack(0x0000000015f50000,0x0000000016050000)]
  0x0000000014ae9800 JavaThread "Signal Dispatcher" daemon [_thread_blocked, id=6720, stack(0x0000000015e50000,0x0000000015f50000)]
  0x000000000240f000 JavaThread "Finalizer" daemon [_thread_blocked, id=7588, stack(0x0000000015d50000,0x0000000015e50000)]
  0x0000000014ab7800 JavaThread "Reference Handler" daemon [_thread_blocked, id=772, stack(0x0000000015c50000,0x0000000015d50000)]
  0x00000000021cd800 JavaThread "main" [_thread_blocked, id=13260, stack(0x00000000021d0000,0x00000000022d0000)]

Other Threads:
  0x0000000014ab5000 VMThread [stack: 0x0000000015b50000,0x0000000015c50000] [id=9868]
  0x0000000014b4e000 WatcherThread [stack: 0x0000000016450000,0x0000000016550000] [id=1156]

VM state:not at safepoint (normal execution)

VM Mutex/Monitor currently owned by a thread: None

Heap:
 PSYoungGen      total 10240K, used 2882K [0x00000000eab00000, 0x00000000ebd00000, 0x0000000100000000)
  eden space 7680K, 7% used [0x00000000eab00000,0x00000000eab88840,0x00000000eb280000)
  from space 2560K, 91% used [0x00000000eb280000,0x00000000eb4c8028,0x00000000eb500000)
  to   space 3072K, 0% used [0x00000000eba00000,0x00000000eba00000,0x00000000ebd00000)
 ParOldGen       total 96768K, used 2481K [0x00000000c0000000, 0x00000000c5e80000, 0x00000000eab00000)
  object space 96768K, 2% used [0x00000000c0000000,0x00000000c026c620,0x00000000c5e80000)
 Metaspace       used 5888K, capacity 6896K, committed 7040K, reserved 1056768K
  class space    used 612K, capacity 616K, committed 640K, reserved 1048576K

Card table byte_map: [0x00000000117e0000,0x00000000119f0000] byte_map_base: 0x00000000111e0000

Marking Bits: (ParMarkBitMap*) 0x0000000059dd13b0
 Begin Bits: [0x0000000011f50000, 0x0000000012f50000)
 End Bits:   [0x0000000012f50000, 0x0000000013f50000)

Polling page: 0x0000000002170000

CodeCache: size=245760Kb used=4469Kb max_used=4469Kb free=241290Kb
 bounds [0x0000000002420000, 0x0000000002880000, 0x0000000011420000]
 total_blobs=1519 nmethods=1256 adapters=177
 compilation: enabled

Compilation events (10 events):
Event: 3.022 Thread 0x0000000014b44000  996       3       com.android.dx.cf.code.ExecutionStack::peekType (11 bytes)
Event: 3.022 Thread 0x0000000014b44000 nmethod 996 0x00000000027ccc10 code [0x00000000027ccd80, 0x00000000027cd038]
Event: 3.022 Thread 0x0000000014b44000  997       3       com.android.dx.rop.code.Rops::opConst (85 bytes)
Event: 3.022 Thread 0x0000000014aef800 1017       4       java.util.ArrayList::<init> (53 bytes)
Event: 3.023 Thread 0x0000000014b44000 nmethod 997 0x00000000027eb4d0 code [0x00000000027eb700, 0x00000000027ec3a8]
Event: 3.023 Thread 0x0000000014b44000  998       3       com.android.dx.rop.cst.CstBaseMethodRef::getPrototype (41 bytes)
Event: 3.023 Thread 0x0000000014b44000 nmethod 998 0x00000000027ee990 code [0x00000000027eeb00, 0x00000000027eeee8]
Event: 3.023 Thread 0x0000000014b44000  993       3       com.android.dx.cf.code.Simulator$SimVisitor::visitLocal (329 bytes)
Event: 3.027 Thread 0x0000000014aef800 nmethod 1017 0x00000000027f1e50 code [0x00000000027f1fa0, 0x00000000027f2218]
Event: 3.027 Thread 0x0000000014aef800 1019       4       java.util.AbstractList::<init> (10 bytes)

GC Heap History (10 events):
Event: 0.478 GC heap before
{Heap before GC invocations=4 (full 0):
 PSYoungGen      total 1536K, used 1520K [0x00000000eab00000, 0x00000000eae00000, 0x0000000100000000)
  eden space 1024K, 100% used [0x00000000eab00000,0x00000000eac00000,0x00000000eac00000)
  from space 512K, 96% used [0x00000000eac00000,0x00000000eac7c010,0x00000000eac80000)
  to   space 512K, 0% used [0x00000000ead80000,0x00000000ead80000,0x00000000eae00000)
 ParOldGen       total 96768K, used 398K [0x00000000c0000000, 0x00000000c5e80000, 0x00000000eab00000)
  object space 96768K, 0% used [0x00000000c0000000,0x00000000c0063bd0,0x00000000c5e80000)
 Metaspace       used 3814K, capacity 5168K, committed 5376K, reserved 1056768K
  class space    used 429K, capacity 488K, committed 512K, reserved 1048576K
Event: 0.486 GC heap after
Heap after GC invocations=4 (full 0):
 PSYoungGen      total 2560K, used 512K [0x00000000eab00000, 0x00000000eae00000, 0x0000000100000000)
  eden space 2048K, 0% used [0x00000000eab00000,0x00000000eab00000,0x00000000ead00000)
  from space 512K, 100% used [0x00000000ead80000,0x00000000eae00000,0x00000000eae00000)
  to   space 512K, 0% used [0x00000000ead00000,0x00000000ead00000,0x00000000ead80000)
 ParOldGen       total 96768K, used 720K [0x00000000c0000000, 0x00000000c5e80000, 0x00000000eab00000)
  object space 96768K, 0% used [0x00000000c0000000,0x00000000c00b4080,0x00000000c5e80000)
 Metaspace       used 3814K, capacity 5168K, committed 5376K, reserved 1056768K
  class space    used 429K, capacity 488K, committed 512K, reserved 1048576K
}
Event: 0.685 GC heap before
{Heap before GC invocations=5 (full 0):
 PSYoungGen      total 2560K, used 2560K [0x00000000eab00000, 0x00000000eae00000, 0x0000000100000000)
  eden space 2048K, 100% used [0x00000000eab00000,0x00000000ead00000,0x00000000ead00000)
  from space 512K, 100% used [0x00000000ead80000,0x00000000eae00000,0x00000000eae00000)
  to   space 512K, 0% used [0x00000000ead00000,0x00000000ead00000,0x00000000ead80000)
 ParOldGen       total 96768K, used 720K [0x00000000c0000000, 0x00000000c5e80000, 0x00000000eab00000)
  object space 96768K, 0% used [0x00000000c0000000,0x00000000c00b4080,0x00000000c5e80000)
 Metaspace       used 4352K, capacity 5648K, committed 6016K, reserved 1056768K
  class space    used 485K, capacity 520K, committed 640K, reserved 1048576K
Event: 0.694 GC heap after
Heap after GC invocations=5 (full 0):
 PSYoungGen      total 2560K, used 512K [0x00000000eab00000, 0x00000000eb200000, 0x0000000100000000)
  eden space 2048K, 0% used [0x00000000eab00000,0x00000000eab00000,0x00000000ead00000)
  from space 512K, 100% used [0x00000000ead00000,0x00000000ead80000,0x00000000ead80000)
  to   space 1536K, 0% used [0x00000000eb080000,0x00000000eb080000,0x00000000eb200000)
 ParOldGen       total 96768K, used 1460K [0x00000000c0000000, 0x00000000c5e80000, 0x00000000eab00000)
  object space 96768K, 1% used [0x00000000c0000000,0x00000000c016d1e8,0x00000000c5e80000)
 Metaspace       used 4352K, capacity 5648K, committed 6016K, reserved 1056768K
  class space    used 485K, capacity 520K, committed 640K, reserved 1048576K
}
Event: 0.916 GC heap before
{Heap before GC invocations=6 (full 0):
 PSYoungGen      total 2560K, used 2559K [0x00000000eab00000, 0x00000000eb200000, 0x0000000100000000)
  eden space 2048K, 99% used [0x00000000eab00000,0x00000000eacffe98,0x00000000ead00000)
  from space 512K, 100% used [0x00000000ead00000,0x00000000ead80000,0x00000000ead80000)
  to   space 1536K, 0% used [0x00000000eb080000,0x00000000eb080000,0x00000000eb200000)
 ParOldGen       total 96768K, used 1460K [0x00000000c0000000, 0x00000000c5e80000, 0x00000000eab00000)
  object space 96768K, 1% used [0x00000000c0000000,0x00000000c016d1e8,0x00000000c5e80000)
 Metaspace       used 4839K, capacity 6032K, committed 6272K, reserved 1056768K
  class space    used 539K, capacity 584K, committed 640K, reserved 1048576K
Event: 0.948 GC heap after
Heap after GC invocations=6 (full 0):
 PSYoungGen      total 5632K, used 1171K [0x00000000eab00000, 0x00000000eb200000, 0x0000000100000000)
  eden space 4096K, 0% used [0x00000000eab00000,0x00000000eab00000,0x00000000eaf00000)
  from space 1536K, 76% used [0x00000000eb080000,0x00000000eb1a4ce8,0x00000000eb200000)
  to   space 1536K, 0% used [0x00000000eaf00000,0x00000000eaf00000,0x00000000eb080000)
 ParOldGen       total 96768K, used 1468K [0x00000000c0000000, 0x00000000c5e80000, 0x00000000eab00000)
  object space 96768K, 1% used [0x00000000c0000000,0x00000000c016f1e8,0x00000000c5e80000)
 Metaspace       used 4839K, capacity 6032K, committed 6272K, reserved 1056768K
  class space    used 539K, capacity 584K, committed 640K, reserved 1048576K
}
Event: 1.913 GC heap before
{Heap before GC invocations=7 (full 0):
 PSYoungGen      total 5632K, used 5267K [0x00000000eab00000, 0x00000000eb200000, 0x0000000100000000)
  eden space 4096K, 100% used [0x00000000eab00000,0x00000000eaf00000,0x00000000eaf00000)
  from space 1536K, 76% used [0x00000000eb080000,0x00000000eb1a4ce8,0x00000000eb200000)
  to   space 1536K, 0% used [0x00000000eaf00000,0x00000000eaf00000,0x00000000eb080000)
 ParOldGen       total 96768K, used 1468K [0x00000000c0000000, 0x00000000c5e80000, 0x00000000eab00000)
  object space 96768K, 1% used [0x00000000c0000000,0x00000000c016f1e8,0x00000000c5e80000)
 Metaspace       used 5456K, capacity 6576K, committed 6784K, reserved 1056768K
  class space    used 582K, capacity 616K, committed 640K, reserved 1048576K
Event: 2.046 GC heap after
Heap after GC invocations=7 (full 0):
 PSYoungGen      total 5632K, used 1504K [0x00000000eab00000, 0x00000000eb700000, 0x0000000100000000)
  eden space 4096K, 0% used [0x00000000eab00000,0x00000000eab00000,0x00000000eaf00000)
  from space 1536K, 97% used [0x00000000eaf00000,0x00000000eb078018,0x00000000eb080000)
  to   space 2048K, 0% used [0x00000000eb500000,0x00000000eb500000,0x00000000eb700000)
 ParOldGen       total 96768K, used 1811K [0x00000000c0000000, 0x00000000c5e80000, 0x00000000eab00000)
  object space 96768K, 1% used [0x00000000c0000000,0x00000000c01c4e60,0x00000000c5e80000)
 Metaspace       used 5456K, capacity 6576K, committed 6784K, reserved 1056768K
  class space    used 582K, capacity 616K, committed 640K, reserved 1048576K
}
Event: 2.615 GC heap before
{Heap before GC invocations=8 (full 0):
 PSYoungGen      total 5632K, used 5600K [0x00000000eab00000, 0x00000000eb700000, 0x0000000100000000)
  eden space 4096K, 100% used [0x00000000eab00000,0x00000000eaf00000,0x00000000eaf00000)
  from space 1536K, 97% used [0x00000000eaf00000,0x00000000eb078018,0x00000000eb080000)
  to   space 2048K, 0% used [0x00000000eb500000,0x00000000eb500000,0x00000000eb700000)
 ParOldGen       total 96768K, used 1811K [0x00000000c0000000, 0x00000000c5e80000, 0x00000000eab00000)
  object space 96768K, 1% used [0x00000000c0000000,0x00000000c01c4e60,0x00000000c5e80000)
 Metaspace       used 5503K, capacity 6640K, committed 6784K, reserved 1056768K
  class space    used 583K, capacity 616K, committed 640K, reserved 1048576K
Event: 2.678 GC heap after
Heap after GC invocations=8 (full 0):
 PSYoungGen      total 9728K, used 2032K [0x00000000eab00000, 0x00000000eb800000, 0x0000000100000000)
  eden space 7680K, 0% used [0x00000000eab00000,0x00000000eab00000,0x00000000eb280000)
  from space 2048K, 99% used [0x00000000eb500000,0x00000000eb6fc028,0x00000000eb700000)
  to   space 2560K, 0% used [0x00000000eb280000,0x00000000eb280000,0x00000000eb500000)
 ParOldGen       total 96768K, used 2139K [0x00000000c0000000, 0x00000000c5e80000, 0x00000000eab00000)
  object space 96768K, 2% used [0x00000000c0000000,0x00000000c0216d68,0x00000000c5e80000)
 Metaspace       used 5503K, capacity 6640K, committed 6784K, reserved 1056768K
  class space    used 583K, capacity 616K, committed 640K, reserved 1048576K
}

Deoptimization events (5 events):
Event: 1.566 Thread 0x00000000167de000 Uncommon trap: reason=null_check action=make_not_entrant pc=0x00000000026d1970 method=com.android.dx.ssa.SsaRenamer.getLocalForNewReg(I)Lcom/android/dx/rop/code/LocalItem; @ 19
Event: 2.073 Thread 0x00000000167bd800 Uncommon trap: reason=class_check action=maybe_recompile pc=0x000000000274e2b0 method=com.android.dx.rop.type.Type.equals(Ljava/lang/Object;)Z @ 8
Event: 2.073 Thread 0x00000000167bd800 Uncommon trap: reason=class_check action=maybe_recompile pc=0x000000000274e2b0 method=com.android.dx.rop.type.Type.equals(Ljava/lang/Object;)Z @ 8
Event: 2.073 Thread 0x00000000167bd800 Uncommon trap: reason=class_check action=maybe_recompile pc=0x000000000274e2b0 method=com.android.dx.rop.type.Type.equals(Ljava/lang/Object;)Z @ 8
Event: 2.074 Thread 0x00000000167bd800 Uncommon trap: reason=class_check action=maybe_recompile pc=0x000000000274e2b0 method=com.android.dx.rop.type.Type.equals(Ljava/lang/Object;)Z @ 8

Internal exceptions (10 events):
Event: 1.257 Thread 0x00000000167c8000 Exception <a 'java/security/PrivilegedActionException'> (0x00000000eaca1dd0) thrown at [D:\re\workspace\8-2-build-windows-amd64-cygwin\jdk8u5\2488\hotspot\src\share\vm\prims\jvm.cpp, line 1248]
Event: 1.259 Thread 0x00000000167de000 Exception <a 'java/security/PrivilegedActionException'> (0x00000000eac9e6c8) thrown at [D:\re\workspace\8-2-build-windows-amd64-cygwin\jdk8u5\2488\hotspot\src\share\vm\prims\jvm.cpp, line 1248]
Event: 1.260 Thread 0x00000000167de000 Exception <a 'java/security/PrivilegedActionException'> (0x00000000eacaa788) thrown at [D:\re\workspace\8-2-build-windows-amd64-cygwin\jdk8u5\2488\hotspot\src\share\vm\prims\jvm.cpp, line 1248]
Event: 1.261 Thread 0x00000000167de000 Exception <a 'java/security/PrivilegedActionException'> (0x00000000eacb01a8) thrown at [D:\re\workspace\8-2-build-windows-amd64-cygwin\jdk8u5\2488\hotspot\src\share\vm\prims\jvm.cpp, line 1248]
Event: 1.262 Thread 0x00000000167de000 Exception <a 'java/security/PrivilegedActionException'> (0x00000000eacb4f38) thrown at [D:\re\workspace\8-2-build-windows-amd64-cygwin\jdk8u5\2488\hotspot\src\share\vm\prims\jvm.cpp, line 1248]
Event: 1.263 Thread 0x00000000167de000 Exception <a 'java/security/PrivilegedActionException'> (0x00000000eacbe340) thrown at [D:\re\workspace\8-2-build-windows-amd64-cygwin\jdk8u5\2488\hotspot\src\share\vm\prims\jvm.cpp, line 1248]
Event: 1.272 Thread 0x00000000167bd800 Exception <a 'java/security/PrivilegedActionException'> (0x00000000eace3e68) thrown at [D:\re\workspace\8-2-build-windows-amd64-cygwin\jdk8u5\2488\hotspot\src\share\vm\prims\jvm.cpp, line 1248]
Event: 1.273 Thread 0x00000000167c8000 Exception <a 'java/security/PrivilegedActionException'> (0x00000000eaca8ad8) thrown at [D:\re\workspace\8-2-build-windows-amd64-cygwin\jdk8u5\2488\hotspot\src\share\vm\prims\jvm.cpp, line 1248]
Event: 1.279 Thread 0x000000001668c800 Exception <a 'java/security/PrivilegedActionException'> (0x00000000ead22880) thrown at [D:\re\workspace\8-2-build-windows-amd64-cygwin\jdk8u5\2488\hotspot\src\share\vm\prims\jvm.cpp, line 1248]
Event: 1.566 Thread 0x00000000167de000 Implicit null exception at 0x00000000026cf53c to 0x00000000026d194d

Events (10 events):
Event: 2.074 loading class java/util/HashMap$Values done
Event: 2.074 loading class java/util/HashMap$ValueIterator
Event: 2.074 loading class java/util/HashMap$ValueIterator done
Event: 2.152 Thread 0x00000000167de000 DEOPT PACKING pc=0x000000000266e102 sp=0x0000000016e4e7f0
Event: 2.152 Thread 0x00000000167de000 DEOPT UNPACKING pc=0x0000000002467604 sp=0x0000000016e4e558 mode 0
Event: 2.185 Executing VM operation: ParallelGCFailedAllocation
Event: 2.678 Executing VM operation: ParallelGCFailedAllocation done
Event: 2.710 Thread 0x00000000167c8000 Thread exited: 0x00000000167c8000
Event: 2.762 Thread 0x000000001668c800 Thread exited: 0x000000001668c800
Event: 3.025 Thread 0x00000000167bd800 Thread exited: 0x00000000167bd800


Dynamic libraries:
0x00007ff7ab850000 - 0x00007ff7ab884000 	C:\Program Files\Java\jdk1.8.0_05\bin\java.exe
0x00007ffb4a600000 - 0x00007ffb4a7c1000 	C:\WINDOWS\SYSTEM32\ntdll.dll
0x00007ffb4a270000 - 0x00007ffb4a31d000 	C:\WINDOWS\system32\KERNEL32.DLL
0x00007ffb47320000 - 0x00007ffb47508000 	C:\WINDOWS\system32\KERNELBASE.dll
0x00007ffb4a550000 - 0x00007ffb4a5f7000 	C:\WINDOWS\system32\ADVAPI32.dll
0x00007ffb4a320000 - 0x00007ffb4a3bd000 	C:\WINDOWS\system32\msvcrt.dll
0x00007ffb49240000 - 0x00007ffb4929b000 	C:\WINDOWS\system32\sechost.dll
0x00007ffb4a3d0000 - 0x00007ffb4a4ec000 	C:\WINDOWS\system32\RPCRT4.dll
0x00007ffb49990000 - 0x00007ffb49ae6000 	C:\WINDOWS\system32\USER32.dll
0x00007ffb47a00000 - 0x00007ffb47b86000 	C:\WINDOWS\system32\GDI32.dll
0x00007ffb38080000 - 0x00007ffb382f4000 	C:\WINDOWS\WinSxS\amd64_microsoft.windows.common-controls_6595b64144ccf1df_6.0.10586.494_none_a2d8b04ea53e3145\COMCTL32.dll
0x00007ffb49f20000 - 0x00007ffb4a19d000 	C:\WINDOWS\system32\combase.dll
0x00007ffb477c0000 - 0x00007ffb4782a000 	C:\WINDOWS\system32\bcryptPrimitives.dll
0x00007ffb49450000 - 0x00007ffb4948b000 	C:\WINDOWS\system32\IMM32.DLL
0x0000000058f10000 - 0x0000000058fe2000 	C:\Program Files\Java\jdk1.8.0_05\jre\bin\msvcr100.dll
0x0000000059620000 - 0x0000000059e4a000 	C:\Program Files\Java\jdk1.8.0_05\jre\bin\server\jvm.dll
0x00007ffb49c30000 - 0x00007ffb49c38000 	C:\WINDOWS\system32\PSAPI.DLL
0x00007ffb43ba0000 - 0x00007ffb43bc3000 	C:\WINDOWS\SYSTEM32\WINMM.dll
0x00007ffb42f50000 - 0x00007ffb42f7c000 	C:\WINDOWS\SYSTEM32\WINMMBASE.dll
0x00007ffb47570000 - 0x00007ffb475b3000 	C:\WINDOWS\system32\cfgmgr32.dll
0x00007ffb3c800000 - 0x00007ffb3c809000 	C:\WINDOWS\SYSTEM32\WSOCK32.dll
0x00007ffb49eb0000 - 0x00007ffb49f1b000 	C:\WINDOWS\system32\WS2_32.dll
0x0000000059ff0000 - 0x0000000059fff000 	C:\Program Files\Java\jdk1.8.0_05\jre\bin\verify.dll
0x0000000059fc0000 - 0x0000000059fe8000 	C:\Program Files\Java\jdk1.8.0_05\jre\bin\java.dll
0x0000000059fa0000 - 0x0000000059fb6000 	C:\Program Files\Java\jdk1.8.0_05\jre\bin\zip.dll
0x00007ffb47b90000 - 0x00007ffb490ec000 	C:\WINDOWS\system32\SHELL32.dll
0x00007ffb46cb0000 - 0x00007ffb472f5000 	C:\WINDOWS\system32\windows.storage.dll
0x00007ffb49da0000 - 0x00007ffb49df2000 	C:\WINDOWS\system32\shlwapi.dll
0x00007ffb46c20000 - 0x00007ffb46c2f000 	C:\WINDOWS\system32\kernel.appcore.dll
0x00007ffb47700000 - 0x00007ffb477b5000 	C:\WINDOWS\system32\shcore.dll
0x00007ffb46c30000 - 0x00007ffb46c7b000 	C:\WINDOWS\system32\powrprof.dll
0x00007ffb46c80000 - 0x00007ffb46c94000 	C:\WINDOWS\system32\profapi.dll
0x00007ffb36a50000 - 0x00007ffb36bdc000 	C:\WINDOWS\SYSTEM32\dbghelp.dll

VM Arguments:
jvm_args: -Djava.awt.headless=true -Xmx1024M -Dfile.encoding=windows-1252 -Duser.country=US -Duser.language=en -Duser.variant 
java_command: com.android.dx.command.Main --dex --force-jumbo --num-threads=4 --multi-dex --output D:\Silverkey Tech\MyMovieApp\app\build\intermediates\transforms\dex\debug\folders\1000\5\slice_8 D:\Silverkey Tech\MyMovieApp\app\build\intermediates\transforms\instantRunSlicer\debug\folders\1\5\slice_8
java_class_path (initial): C:\Users\ACali\AppData\Local\Android\sdk\build-tools\23.0.3\lib\dx.jar
Launcher Type: SUN_STANDARD

Environment Variables:
PATH=C:\Program Files\Microsoft MPI\Bin\;C:\WINDOWS\system32;C:\WINDOWS;C:\WINDOWS\System32\Wbem;C:\WINDOWS\System32\WindowsPowerShell\v1.0\;C:\Program Files (x86)\Windows Kits\8.1\Windows Performance Toolkit\;C:\Program Files\Microsoft SQL Server\110\Tools\Binn\;C:\Program Files\Microsoft SQL Server\130\Tools\Binn\;C:\Program Files\Microsoft SQL Server\120\Tools\Binn\;C:\Program Files\dotnet\;C:\Program Files\Git\cmd;C:\Users\ACali\AppData\Local\atom\bin;C:\Program Files (x86)\Microsoft VS Code\bin
USERNAME=ACali
OS=Windows_NT
PROCESSOR_IDENTIFIER=Intel64 Family 6 Model 42 Stepping 7, GenuineIntel



---------------  S Y S T E M  ---------------

OS: Windows 8.1 , 64 bit Build 9600 

CPU:total 4 (2 cores per cpu, 2 threads per core) family 6 model 42 stepping 7, cmov, cx8, fxsr, mmx, sse, sse2, sse3, ssse3, sse4.1, sse4.2, popcnt, avx, clmul, ht, tsc, tscinvbit

Memory: 4k page, physical 6196404k(865408k free), swap 11879056k(113372k free)

vm_info: Java HotSpot(TM) 64-Bit Server VM (25.5-b02) for windows-amd64 JRE (1.8.0_05-b13), built on Mar 18 2014 01:08:39 by "java_re" with MS VC++ 10.0 (VS2010)

time: Sat Sep 10 12:25:52 2016
elapsed time: 38 seconds

