#
# There is insufficient memory for the Java Runtime Environment to continue.
# Native memory allocation (malloc) failed to allocate 32744 bytes for ChunkPool::allocate
# Possible reasons:
#   The system is out of physical RAM or swap space
#   In 32 bit mode, the process size limit was hit
# Possible solutions:
#   Reduce memory load on the system
#   Increase physical memory or swap space
#   Check if swap backing store is full
#   Use 64 bit Java on a 64 bit OS
#   Decrease Java heap size (-Xmx/-Xms)
#   Decrease number of Java threads
#   Decrease Java thread stack sizes (-Xss)
#   Set larger code cache with -XX:ReservedCodeCacheSize=
# This output file may be truncated or incomplete.
#
#  Out of Memory Error (allocation.cpp:271), pid=11272, tid=12172
#
# JRE version: Java(TM) SE Runtime Environment (8.0_05-b13) (build 1.8.0_05-b13)
# Java VM: Java HotSpot(TM) 64-Bit Server VM (25.5-b02 mixed mode windows-amd64 compressed oops)
# Failed to write core dump. Minidumps are not enabled by default on client versions of Windows
#

---------------  T H R E A D  ---------------

Current thread (0x00000000153f2000):  JavaThread "C1 CompilerThread2" daemon [_thread_in_native, id=12172, stack(0x0000000016b40000,0x0000000016c40000)]

Stack: [0x0000000016b40000,0x0000000016c40000]
Native frames: (J=compiled Java code, j=interpreted, Vv=VM code, C=native code)
V  [jvm.dll+0x308dea]
V  [jvm.dll+0x25def1]
V  [jvm.dll+0x25eb0f]
V  [jvm.dll+0x2564e5]
V  [jvm.dll+0xbcd21]
V  [jvm.dll+0xbd45c]
V  [jvm.dll+0x837e2]
V  [jvm.dll+0x83e17]
V  [jvm.dll+0x850f2]
V  [jvm.dll+0x85279]
V  [jvm.dll+0x3f41f3]
V  [jvm.dll+0x3f4429]
V  [jvm.dll+0x403387]
V  [jvm.dll+0x294b83]
V  [jvm.dll+0x402d83]
V  [jvm.dll+0x3de1bb]
V  [jvm.dll+0x3de8ca]
V  [jvm.dll+0x3de9a2]
V  [jvm.dll+0x3deb68]
V  [jvm.dll+0x3ded6f]
V  [jvm.dll+0x96702]
V  [jvm.dll+0x96ef3]
V  [jvm.dll+0x2232c4]
V  [jvm.dll+0x27baca]
C  [msvcr100.dll+0x21d9f]
C  [msvcr100.dll+0x21e3b]
C  [KERNEL32.DLL+0x18102]
C  [ntdll.dll+0x5c5b4]


Current CompileTask:
C1:   2160  526   !   3       com.android.dx.cf.code.BytecodeArray::parseInstruction (2764 bytes)


---------------  P R O C E S S  ---------------

Java Threads: ( => current thread )
  0x00000000170d1000 JavaThread "pool-2-thread-4" [_thread_in_Java, id=9604, stack(0x0000000017640000,0x0000000017740000)]
  0x00000000170a1000 JavaThread "pool-2-thread-3" [_thread_in_Java, id=5056, stack(0x0000000017540000,0x0000000017640000)]
  0x00000000170a3800 JavaThread "pool-2-thread-2" [_thread_in_Java, id=9776, stack(0x0000000017440000,0x0000000017540000)]
  0x00000000170af000 JavaThread "pool-3-thread-1" [_thread_blocked, id=7592, stack(0x0000000017340000,0x0000000017440000)]
  0x00000000170ae800 JavaThread "pool-2-thread-1" [_thread_in_native, id=10792, stack(0x0000000017240000,0x0000000017340000)]
  0x0000000015449800 JavaThread "Service Thread" daemon [_thread_blocked, id=11788, stack(0x0000000016c40000,0x0000000016d40000)]
=>0x00000000153f2000 JavaThread "C1 CompilerThread2" daemon [_thread_in_native, id=12172, stack(0x0000000016b40000,0x0000000016c40000)]
  0x00000000153f0800 JavaThread "C2 CompilerThread1" daemon [_thread_in_native, id=7172, stack(0x0000000016a40000,0x0000000016b40000)]
  0x00000000153eb800 JavaThread "C2 CompilerThread0" daemon [_thread_in_native, id=7948, stack(0x0000000016940000,0x0000000016a40000)]
  0x00000000153ea000 JavaThread "Attach Listener" daemon [_thread_blocked, id=6568, stack(0x0000000016840000,0x0000000016940000)]
  0x00000000153e8800 JavaThread "Signal Dispatcher" daemon [_thread_blocked, id=7412, stack(0x0000000016740000,0x0000000016840000)]
  0x0000000002d0e800 JavaThread "Finalizer" daemon [_thread_blocked, id=12120, stack(0x0000000016640000,0x0000000016740000)]
  0x0000000002d0b000 JavaThread "Reference Handler" daemon [_thread_blocked, id=9524, stack(0x0000000016540000,0x0000000016640000)]
  0x00000000012cd800 JavaThread "main" [_thread_in_vm, id=10252, stack(0x0000000002a50000,0x0000000002b50000)]

Other Threads:
  0x00000000153b5000 VMThread [stack: 0x0000000016440000,0x0000000016540000] [id=6768]
  0x000000001544d000 WatcherThread [stack: 0x0000000016d40000,0x0000000016e40000] [id=10004]

VM state:not at safepoint (normal execution)

VM Mutex/Monitor currently owned by a thread: None

Heap:
 PSYoungGen      total 5120K, used 3451K [0x00000000eab00000, 0x00000000eb200000, 0x0000000100000000)
  eden space 3584K, 53% used [0x00000000eab00000,0x00000000eace2200,0x00000000eae80000)
  from space 1536K, 99% used [0x00000000eae80000,0x00000000eaffcd00,0x00000000eb000000)
  to   space 1024K, 0% used [0x00000000eb000000,0x00000000eb000000,0x00000000eb100000)
 ParOldGen       total 96768K, used 1057K [0x00000000c0000000, 0x00000000c5e80000, 0x00000000eab00000)
  object space 96768K, 1% used [0x00000000c0000000,0x00000000c0108618,0x00000000c5e80000)
 Metaspace       used 5545K, capacity 6512K, committed 6784K, reserved 1056768K
  class space    used 593K, capacity 616K, committed 640K, reserved 1048576K

Card table byte_map: [0x00000000120e0000,0x00000000122f0000] byte_map_base: 0x0000000011ae0000

Marking Bits: (ParMarkBitMap*) 0x0000000059dd13b0
 Begin Bits: [0x0000000012850000, 0x0000000013850000)
 End Bits:   [0x0000000013850000, 0x0000000014850000)

Polling page: 0x0000000001280000

CodeCache: size=245760Kb used=2262Kb max_used=2273Kb free=243497Kb
 bounds [0x0000000002d20000, 0x0000000002f90000, 0x0000000011d20000]
 total_blobs=851 nmethods=583 adapters=182
 compilation: enabled

Compilation events (10 events):
Event: 2.008 Thread 0x00000000153f2000 nmethod 564 0x0000000002f51990 code [0x0000000002f51b00, 0x0000000002f51e08]
Event: 2.008 Thread 0x00000000153f2000  520       3       com.android.dx.dex.code.OutputFinisher::updateInfo (44 bytes)
Event: 2.009 Thread 0x00000000153f2000 nmethod 520 0x0000000002f51f10 code [0x0000000002f52080, 0x0000000002f52428]
Event: 2.009 Thread 0x00000000153f2000  521       3       com.android.dx.dex.code.OutputFinisher::add (15 bytes)
Event: 2.009 Thread 0x00000000153f2000 nmethod 521 0x0000000002f52510 code [0x0000000002f526c0, 0x0000000002f52c78]
Event: 2.009 Thread 0x00000000153f2000  518       3       com.android.dx.rop.code.BasicBlockList::labelToBlock (46 bytes)
Event: 2.010 Thread 0x00000000153f2000 nmethod 518 0x0000000002f52fd0 code [0x0000000002f531e0, 0x0000000002f53ec8]
Event: 2.011 Thread 0x00000000153f2000  517       3       com.android.dx.util.IntList::sort (29 bytes)
Event: 2.011 Thread 0x00000000153f2000 nmethod 517 0x0000000002f54390 code [0x0000000002f54540, 0x0000000002f549c8]
Event: 2.011 Thread 0x00000000153f2000  526   !   3       com.android.dx.cf.code.BytecodeArray::parseInstruction (2764 bytes)

GC Heap History (10 events):
Event: 0.307 GC heap before
{Heap before GC invocations=4 (full 0):
 PSYoungGen      total 1024K, used 1024K [0x00000000eab00000, 0x00000000ead00000, 0x0000000100000000)
  eden space 512K, 100% used [0x00000000eab00000,0x00000000eab80000,0x00000000eab80000)
  from space 512K, 100% used [0x00000000eab80000,0x00000000eac00000,0x00000000eac00000)
  to   space 512K, 0% used [0x00000000eac80000,0x00000000eac80000,0x00000000ead00000)
 ParOldGen       total 96768K, used 252K [0x00000000c0000000, 0x00000000c5e80000, 0x00000000eab00000)
  object space 96768K, 0% used [0x00000000c0000000,0x00000000c003f1f8,0x00000000c5e80000)
 Metaspace       used 3395K, capacity 4720K, committed 4864K, reserved 1056768K
  class space    used 371K, capacity 424K, committed 512K, reserved 1048576K
Event: 0.313 GC heap after
Heap after GC invocations=4 (full 0):
 PSYoungGen      total 1536K, used 496K [0x00000000eab00000, 0x00000000ead00000, 0x0000000100000000)
  eden space 1024K, 0% used [0x00000000eab00000,0x00000000eab00000,0x00000000eac00000)
  from space 512K, 96% used [0x00000000eac80000,0x00000000eacfc010,0x00000000ead00000)
  to   space 512K, 0% used [0x00000000eac00000,0x00000000eac00000,0x00000000eac80000)
 ParOldGen       total 96768K, used 308K [0x00000000c0000000, 0x00000000c5e80000, 0x00000000eab00000)
  object space 96768K, 0% used [0x00000000c0000000,0x00000000c004d1f8,0x00000000c5e80000)
 Metaspace       used 3395K, capacity 4720K, committed 4864K, reserved 1056768K
  class space    used 371K, capacity 424K, committed 512K, reserved 1048576K
}
Event: 0.327 GC heap before
{Heap before GC invocations=5 (full 0):
 PSYoungGen      total 1536K, used 1520K [0x00000000eab00000, 0x00000000ead00000, 0x0000000100000000)
  eden space 1024K, 100% used [0x00000000eab00000,0x00000000eac00000,0x00000000eac00000)
  from space 512K, 96% used [0x00000000eac80000,0x00000000eacfc010,0x00000000ead00000)
  to   space 512K, 0% used [0x00000000eac00000,0x00000000eac00000,0x00000000eac80000)
 ParOldGen       total 96768K, used 308K [0x00000000c0000000, 0x00000000c5e80000, 0x00000000eab00000)
  object space 96768K, 0% used [0x00000000c0000000,0x00000000c004d1f8,0x00000000c5e80000)
 Metaspace       used 3401K, capacity 4720K, committed 4864K, reserved 1056768K
  class space    used 371K, capacity 424K, committed 512K, reserved 1048576K
Event: 0.331 GC heap after
Heap after GC invocations=5 (full 0):
 PSYoungGen      total 1536K, used 496K [0x00000000eab00000, 0x00000000eaf00000, 0x0000000100000000)
  eden space 1024K, 0% used [0x00000000eab00000,0x00000000eab00000,0x00000000eac00000)
  from space 512K, 96% used [0x00000000eac00000,0x00000000eac7c010,0x00000000eac80000)
  to   space 1024K, 0% used [0x00000000eae00000,0x00000000eae00000,0x00000000eaf00000)
 ParOldGen       total 96768K, used 332K [0x00000000c0000000, 0x00000000c5e80000, 0x00000000eab00000)
  object space 96768K, 0% used [0x00000000c0000000,0x00000000c00531f8,0x00000000c5e80000)
 Metaspace       used 3401K, capacity 4720K, committed 4864K, reserved 1056768K
  class space    used 371K, capacity 424K, committed 512K, reserved 1048576K
}
Event: 0.379 GC heap before
{Heap before GC invocations=6 (full 0):
 PSYoungGen      total 1536K, used 1512K [0x00000000eab00000, 0x00000000eaf00000, 0x0000000100000000)
  eden space 1024K, 99% used [0x00000000eab00000,0x00000000eabfe1e0,0x00000000eac00000)
  from space 512K, 96% used [0x00000000eac00000,0x00000000eac7c010,0x00000000eac80000)
  to   space 1024K, 0% used [0x00000000eae00000,0x00000000eae00000,0x00000000eaf00000)
 ParOldGen       total 96768K, used 332K [0x00000000c0000000, 0x00000000c5e80000, 0x00000000eab00000)
  object space 96768K, 0% used [0x00000000c0000000,0x00000000c00531f8,0x00000000c5e80000)
 Metaspace       used 3544K, capacity 4880K, committed 5120K, reserved 1056768K
  class space    used 393K, capacity 456K, committed 512K, reserved 1048576K
Event: 0.383 GC heap after
Heap after GC invocations=6 (full 0):
 PSYoungGen      total 3072K, used 679K [0x00000000eab00000, 0x00000000eaf00000, 0x0000000100000000)
  eden space 2048K, 0% used [0x00000000eab00000,0x00000000eab00000,0x00000000ead00000)
  from space 1024K, 66% used [0x00000000eae00000,0x00000000eaea9c70,0x00000000eaf00000)
  to   space 1024K, 0% used [0x00000000ead00000,0x00000000ead00000,0x00000000eae00000)
 ParOldGen       total 96768K, used 340K [0x00000000c0000000, 0x00000000c5e80000, 0x00000000eab00000)
  object space 96768K, 0% used [0x00000000c0000000,0x00000000c00551f8,0x00000000c5e80000)
 Metaspace       used 3544K, capacity 4880K, committed 5120K, reserved 1056768K
  class space    used 393K, capacity 456K, committed 512K, reserved 1048576K
}
Event: 0.510 GC heap before
{Heap before GC invocations=7 (full 0):
 PSYoungGen      total 3072K, used 2727K [0x00000000eab00000, 0x00000000eaf00000, 0x0000000100000000)
  eden space 2048K, 100% used [0x00000000eab00000,0x00000000ead00000,0x00000000ead00000)
  from space 1024K, 66% used [0x00000000eae00000,0x00000000eaea9c70,0x00000000eaf00000)
  to   space 1024K, 0% used [0x00000000ead00000,0x00000000ead00000,0x00000000eae00000)
 ParOldGen       total 96768K, used 340K [0x00000000c0000000, 0x00000000c5e80000, 0x00000000eab00000)
  object space 96768K, 0% used [0x00000000c0000000,0x00000000c00551f8,0x00000000c5e80000)
 Metaspace       used 4034K, capacity 5296K, committed 5376K, reserved 1056768K
  class space    used 452K, capacity 488K, committed 512K, reserved 1048576K
Event: 0.513 GC heap after
Heap after GC invocations=7 (full 0):
 PSYoungGen      total 3072K, used 886K [0x00000000eab00000, 0x00000000eb100000, 0x0000000100000000)
  eden space 2048K, 0% used [0x00000000eab00000,0x00000000eab00000,0x00000000ead00000)
  from space 1024K, 86% used [0x00000000ead00000,0x00000000eaddd818,0x00000000eae00000)
  to   space 1024K, 0% used [0x00000000eb000000,0x00000000eb000000,0x00000000eb100000)
 ParOldGen       total 96768K, used 760K [0x00000000c0000000, 0x00000000c5e80000, 0x00000000eab00000)
  object space 96768K, 0% used [0x00000000c0000000,0x00000000c00be2b0,0x00000000c5e80000)
 Metaspace       used 4034K, capacity 5296K, committed 5376K, reserved 1056768K
  class space    used 452K, capacity 488K, committed 512K, reserved 1048576K
}
Event: 0.730 GC heap before
{Heap before GC invocations=8 (full 0):
 PSYoungGen      total 3072K, used 2934K [0x00000000eab00000, 0x00000000eb100000, 0x0000000100000000)
  eden space 2048K, 100% used [0x00000000eab00000,0x00000000ead00000,0x00000000ead00000)
  from space 1024K, 86% used [0x00000000ead00000,0x00000000eaddd818,0x00000000eae00000)
  to   space 1024K, 0% used [0x00000000eb000000,0x00000000eb000000,0x00000000eb100000)
 ParOldGen       total 96768K, used 760K [0x00000000c0000000, 0x00000000c5e80000, 0x00000000eab00000)
  object space 96768K, 0% used [0x00000000c0000000,0x00000000c00be2b0,0x00000000c5e80000)
 Metaspace       used 4705K, capacity 5872K, committed 6016K, reserved 1056768K
  class space    used 519K, capacity 552K, committed 640K, reserved 1048576K
Event: 0.739 GC heap after
Heap after GC invocations=8 (full 0):
 PSYoungGen      total 4608K, used 1013K [0x00000000eab00000, 0x00000000eb200000, 0x0000000100000000)
  eden space 3584K, 0% used [0x00000000eab00000,0x00000000eab00000,0x00000000eae80000)
  from space 1024K, 98% used [0x00000000eb000000,0x00000000eb0fd630,0x00000000eb100000)
  to   space 1536K, 0% used [0x00000000eae80000,0x00000000eae80000,0x00000000eb000000)
 ParOldGen       total 96768K, used 918K [0x00000000c0000000, 0x00000000c5e80000, 0x00000000eab00000)
  object space 96768K, 0% used [0x00000000c0000000,0x00000000c00e5a30,0x00000000c5e80000)
 Metaspace       used 4705K, capacity 5872K, committed 6016K, reserved 1056768K
  class space    used 519K, capacity 552K, committed 640K, reserved 1048576K
}

Deoptimization events (0 events):
No events

Internal exceptions (10 events):
Event: 1.769 Thread 0x00000000012cd800 Exception <a 'java/security/PrivilegedActionException'> (0x00000000ead09518) thrown at [D:\re\workspace\8-2-build-windows-amd64-cygwin\jdk8u5\2488\hotspot\src\share\vm\prims\jvm.cpp, line 1248]
Event: 1.770 Thread 0x00000000012cd800 Exception <a 'java/security/PrivilegedActionException'> (0x00000000ead0f238) thrown at [D:\re\workspace\8-2-build-windows-amd64-cygwin\jdk8u5\2488\hotspot\src\share\vm\prims\jvm.cpp, line 1248]
Event: 1.771 Thread 0x00000000012cd800 Exception <a 'java/security/PrivilegedActionException'> (0x00000000ead182a0) thrown at [D:\re\workspace\8-2-build-windows-amd64-cygwin\jdk8u5\2488\hotspot\src\share\vm\prims\jvm.cpp, line 1248]
Event: 1.922 Thread 0x00000000012cd800 Exception <a 'java/security/PrivilegedActionException'> (0x00000000ead1dc48) thrown at [D:\re\workspace\8-2-build-windows-amd64-cygwin\jdk8u5\2488\hotspot\src\share\vm\prims\jvm.cpp, line 1248]
Event: 1.922 Thread 0x00000000012cd800 Exception <a 'java/security/PrivilegedActionException'> (0x00000000ead20ff8) thrown at [D:\re\workspace\8-2-build-windows-amd64-cygwin\jdk8u5\2488\hotspot\src\share\vm\prims\jvm.cpp, line 1248]
Event: 1.925 Thread 0x00000000170a3800 Exception <a 'java/security/PrivilegedActionException'> (0x00000000ead29ee0) thrown at [D:\re\workspace\8-2-build-windows-amd64-cygwin\jdk8u5\2488\hotspot\src\share\vm\prims\jvm.cpp, line 1248]
Event: 1.926 Thread 0x00000000012cd800 Exception <a 'java/security/PrivilegedActionException'> (0x00000000ead285f0) thrown at [D:\re\workspace\8-2-build-windows-amd64-cygwin\jdk8u5\2488\hotspot\src\share\vm\prims\jvm.cpp, line 1248]
Event: 1.944 Thread 0x00000000170d1000 Exception <a 'java/security/PrivilegedActionException'> (0x00000000ead8e938) thrown at [D:\re\workspace\8-2-build-windows-amd64-cygwin\jdk8u5\2488\hotspot\src\share\vm\prims\jvm.cpp, line 1248]
Event: 1.951 Thread 0x00000000170a3800 Exception <a 'java/security/PrivilegedActionException'> (0x00000000eadbd130) thrown at [D:\re\workspace\8-2-build-windows-amd64-cygwin\jdk8u5\2488\hotspot\src\share\vm\prims\jvm.cpp, line 1248]
Event: 2.003 Thread 0x00000000170a1000 Exception <a 'java/security/PrivilegedActionException'> (0x00000000eae48560) thrown at [D:\re\workspace\8-2-build-windows-amd64-cygwin\jdk8u5\2488\hotspot\src\share\vm\prims\jvm.cpp, line 1248]

Events (10 events):
Event: 1.944 loading class com/android/dx/ssa/PhiInsn$Operand
Event: 1.944 loading class com/android/dx/ssa/PhiInsn$Operand done
Event: 1.951 loading class com/android/dx/dex/file/MethodAnnotationStruct
Event: 1.951 loading class com/android/dx/dex/file/MethodAnnotationStruct done
Event: 1.984 loading class java/util/HashMap$Values
Event: 1.984 loading class java/util/HashMap$Values done
Event: 1.984 loading class java/util/HashMap$ValueIterator
Event: 1.984 loading class java/util/HashMap$ValueIterator done
Event: 2.003 loading class com/android/dx/ssa/back/FirstFitLocalCombiningAllocator$Multiset
Event: 2.003 loading class com/android/dx/ssa/back/FirstFitLocalCombiningAllocator$Multiset done


Dynamic libraries:
0x00007ff7ab850000 - 0x00007ff7ab884000 	C:\Program Files\Java\jdk1.8.0_05\bin\java.exe
0x00007ffb4a600000 - 0x00007ffb4a7c1000 	C:\WINDOWS\SYSTEM32\ntdll.dll
0x00007ffb4a270000 - 0x00007ffb4a31d000 	C:\WINDOWS\system32\KERNEL32.DLL
0x00007ffb47320000 - 0x00007ffb47508000 	C:\WINDOWS\system32\KERNELBASE.dll
0x00007ffb4a550000 - 0x00007ffb4a5f7000 	C:\WINDOWS\system32\ADVAPI32.dll
0x00007ffb4a320000 - 0x00007ffb4a3bd000 	C:\WINDOWS\system32\msvcrt.dll
0x00007ffb49240000 - 0x00007ffb4929b000 	C:\WINDOWS\system32\sechost.dll
0x00007ffb4a3d0000 - 0x00007ffb4a4ec000 	C:\WINDOWS\system32\RPCRT4.dll
0x00007ffb49990000 - 0x00007ffb49ae6000 	C:\WINDOWS\system32\USER32.dll
0x00007ffb47a00000 - 0x00007ffb47b86000 	C:\WINDOWS\system32\GDI32.dll
0x00007ffb38080000 - 0x00007ffb382f4000 	C:\WINDOWS\WinSxS\amd64_microsoft.windows.common-controls_6595b64144ccf1df_6.0.10586.494_none_a2d8b04ea53e3145\COMCTL32.dll
0x00007ffb49f20000 - 0x00007ffb4a19d000 	C:\WINDOWS\system32\combase.dll
0x00007ffb477c0000 - 0x00007ffb4782a000 	C:\WINDOWS\system32\bcryptPrimitives.dll
0x00007ffb49450000 - 0x00007ffb4948b000 	C:\WINDOWS\system32\IMM32.DLL
0x0000000058f10000 - 0x0000000058fe2000 	C:\Program Files\Java\jdk1.8.0_05\jre\bin\msvcr100.dll
0x0000000059620000 - 0x0000000059e4a000 	C:\Program Files\Java\jdk1.8.0_05\jre\bin\server\jvm.dll
0x00007ffb49c30000 - 0x00007ffb49c38000 	C:\WINDOWS\system32\PSAPI.DLL
0x00007ffb3c800000 - 0x00007ffb3c809000 	C:\WINDOWS\SYSTEM32\WSOCK32.dll
0x00007ffb43ba0000 - 0x00007ffb43bc3000 	C:\WINDOWS\SYSTEM32\WINMM.dll
0x00007ffb49eb0000 - 0x00007ffb49f1b000 	C:\WINDOWS\system32\WS2_32.dll
0x00007ffb42f50000 - 0x00007ffb42f7c000 	C:\WINDOWS\SYSTEM32\WINMMBASE.dll
0x00007ffb47570000 - 0x00007ffb475b3000 	C:\WINDOWS\system32\cfgmgr32.dll
0x0000000059ff0000 - 0x0000000059fff000 	C:\Program Files\Java\jdk1.8.0_05\jre\bin\verify.dll
0x0000000059fc0000 - 0x0000000059fe8000 	C:\Program Files\Java\jdk1.8.0_05\jre\bin\java.dll
0x0000000059fa0000 - 0x0000000059fb6000 	C:\Program Files\Java\jdk1.8.0_05\jre\bin\zip.dll
0x00007ffb47b90000 - 0x00007ffb490ec000 	C:\WINDOWS\system32\SHELL32.dll
0x00007ffb46cb0000 - 0x00007ffb472f5000 	C:\WINDOWS\system32\windows.storage.dll
0x00007ffb49da0000 - 0x00007ffb49df2000 	C:\WINDOWS\system32\shlwapi.dll
0x00007ffb46c20000 - 0x00007ffb46c2f000 	C:\WINDOWS\system32\kernel.appcore.dll
0x00007ffb47700000 - 0x00007ffb477b5000 	C:\WINDOWS\system32\shcore.dll
0x00007ffb46c30000 - 0x00007ffb46c7b000 	C:\WINDOWS\system32\powrprof.dll
0x00007ffb46c80000 - 0x00007ffb46c94000 	C:\WINDOWS\system32\profapi.dll
0x0000000059f80000 - 0x0000000059f9a000 	C:\Program Files\Java\jdk1.8.0_05\jre\bin\net.dll
0x00007ffb46520000 - 0x00007ffb4657c000 	C:\WINDOWS\system32\mswsock.dll
0x00007ffb44b30000 - 0x00007ffb44b68000 	C:\WINDOWS\SYSTEM32\IPHLPAPI.DLL
0x00007ffb4a3c0000 - 0x00007ffb4a3c8000 	C:\WINDOWS\system32\NSI.dll
0x00007ffb404a0000 - 0x00007ffb404b6000 	C:\WINDOWS\SYSTEM32\dhcpcsvc6.DLL
0x00007ffb40480000 - 0x00007ffb4049a000 	C:\WINDOWS\SYSTEM32\dhcpcsvc.DLL
0x00007ffb36a50000 - 0x00007ffb36bdc000 	C:\WINDOWS\SYSTEM32\dbghelp.dll

VM Arguments:
jvm_args: -Djava.awt.headless=true -Xmx1024M -Dfile.encoding=windows-1252 -Duser.country=US -Duser.language=en -Duser.variant 
java_command: com.android.dx.command.Main --dex --force-jumbo --num-threads=4 --multi-dex --output D:\Silverkey Tech\MyMovieApp\app\build\intermediates\transforms\dex\debug\folders\1000\10\com.android.support-recyclerview-v7-23.4.0_cf62ce80123645764155296281a01537177c7be2 D:\Silverkey Tech\MyMovieApp\app\build\intermediates\exploded-aar\com.android.support\recyclerview-v7\23.4.0\jars\classes.jar
java_class_path (initial): C:\Users\ACali\AppData\Local\Android\sdk\build-tools\23.0.3\lib\dx.jar
Launcher Type: SUN_STANDARD

Environment Variables:
PATH=C:\Program Files\Microsoft MPI\Bin\;C:\WINDOWS\system32;C:\WINDOWS;C:\WINDOWS\System32\Wbem;C:\WINDOWS\System32\WindowsPowerShell\v1.0\;C:\Program Files (x86)\Windows Kits\8.1\Windows Performance Toolkit\;C:\Program Files\Microsoft SQL Server\110\Tools\Binn\;C:\Program Files\Microsoft SQL Server\130\Tools\Binn\;C:\Program Files\Microsoft SQL Server\120\Tools\Binn\;C:\Program Files\dotnet\;C:\Program Files\Git\cmd;C:\Users\ACali\AppData\Local\atom\bin;C:\Program Files (x86)\Microsoft VS Code\bin
USERNAME=ACali
OS=Windows_NT
PROCESSOR_IDENTIFIER=Intel64 Family 6 Model 42 Stepping 7, GenuineIntel



---------------  S Y S T E M  ---------------

OS: Windows 8.1 , 64 bit Build 9600 

CPU:total 4 (2 cores per cpu, 2 threads per core) family 6 model 42 stepping 7, cmov, cx8, fxsr, mmx, sse, sse2, sse3, ssse3, sse4.1, sse4.2, popcnt, avx, clmul, ht, tsc, tscinvbit

Memory: 4k page, physical 6196404k(541972k free), swap 11879056k(24k free)

vm_info: Java HotSpot(TM) 64-Bit Server VM (25.5-b02) for windows-amd64 JRE (1.8.0_05-b13), built on Mar 18 2014 01:08:39 by "java_re" with MS VC++ 10.0 (VS2010)

time: Sat Sep 10 13:04:26 2016
elapsed time: 2 seconds

