#
# There is insufficient memory for the Java Runtime Environment to continue.
# Native memory allocation (malloc) failed to allocate 419536 bytes for Chunk::new
# Possible reasons:
#   The system is out of physical RAM or swap space
#   In 32 bit mode, the process size limit was hit
# Possible solutions:
#   Reduce memory load on the system
#   Increase physical memory or swap space
#   Check if swap backing store is full
#   Use 64 bit Java on a 64 bit OS
#   Decrease Java heap size (-Xmx/-Xms)
#   Decrease number of Java threads
#   Decrease Java thread stack sizes (-Xss)
#   Set larger code cache with -XX:ReservedCodeCacheSize=
# This output file may be truncated or incomplete.
#
#  Out of Memory Error (allocation.cpp:388), pid=12924, tid=11648
#
# JRE version: Java(TM) SE Runtime Environment (8.0_05-b13) (build 1.8.0_05-b13)
# Java VM: Java HotSpot(TM) 64-Bit Server VM (25.5-b02 mixed mode windows-amd64 compressed oops)
# Failed to write core dump. Minidumps are not enabled by default on client versions of Windows
#

---------------  T H R E A D  ---------------

Current thread (0x000000001515f000):  JavaThread "C2 CompilerThread0" daemon [_thread_in_native, id=11648, stack(0x00000000166b0000,0x00000000167b0000)]

Stack: [0x00000000166b0000,0x00000000167b0000]
Native frames: (J=compiled Java code, j=interpreted, Vv=VM code, C=native code)
V  [jvm.dll+0x308dea]
V  [jvm.dll+0x25def1]
V  [jvm.dll+0x25eb0f]
V  [jvm.dll+0x2564e5]
V  [jvm.dll+0xbcfc5]
V  [jvm.dll+0xbd45c]
V  [jvm.dll+0x44d422]
V  [jvm.dll+0x48e13f]
V  [jvm.dll+0x442075]
V  [jvm.dll+0x44366b]
V  [jvm.dll+0x427532]
V  [jvm.dll+0x96702]
V  [jvm.dll+0x96ef3]
V  [jvm.dll+0x2232c4]
V  [jvm.dll+0x27baca]
C  [msvcr100.dll+0x21d9f]


Current CompileTask:
C2:  10020 1292       4       com.android.dx.ssa.DeadCodeRemover::isCircularNoSideEffect (140 bytes)


---------------  P R O C E S S  ---------------

Java Threads: ( => current thread )
  0x0000000016d22800 JavaThread "pool-1-thread-1" [_thread_in_Java, id=5088, stack(0x0000000018c80000,0x0000000018d80000)]
  0x0000000015194000 JavaThread "Service Thread" daemon [_thread_blocked, id=11836, stack(0x00000000169b0000,0x0000000016ab0000)]
  0x0000000015178800 JavaThread "C1 CompilerThread2" daemon [_thread_blocked, id=4812, stack(0x00000000168b0000,0x00000000169b0000)]
  0x0000000015163000 JavaThread "C2 CompilerThread1" daemon [_thread_in_native, id=3264, stack(0x00000000167b0000,0x00000000168b0000)]
=>0x000000001515f000 JavaThread "C2 CompilerThread0" daemon [_thread_in_native, id=11648, stack(0x00000000166b0000,0x00000000167b0000)]
  0x000000001515a000 JavaThread "Attach Listener" daemon [_thread_blocked, id=10932, stack(0x00000000165b0000,0x00000000166b0000)]
  0x0000000015158800 JavaThread "Signal Dispatcher" daemon [_thread_blocked, id=12516, stack(0x00000000164b0000,0x00000000165b0000)]
  0x0000000002a7f000 JavaThread "Finalizer" daemon [_thread_blocked, id=120, stack(0x00000000163b0000,0x00000000164b0000)]
  0x0000000015127800 JavaThread "Reference Handler" daemon [_thread_blocked, id=10388, stack(0x00000000162b0000,0x00000000163b0000)]
  0x000000000278d800 JavaThread "main" [_thread_blocked, id=8184, stack(0x0000000002890000,0x0000000002990000)]

Other Threads:
  0x0000000015125800 VMThread [stack: 0x00000000161b0000,0x00000000162b0000] [id=11436]
  0x0000000015197000 WatcherThread [stack: 0x0000000016ab0000,0x0000000016bb0000] [id=10892]

VM state:not at safepoint (normal execution)

VM Mutex/Monitor currently owned by a thread: None

Heap:
 PSYoungGen      total 15360K, used 5903K [0x00000000eab00000, 0x00000000ebd00000, 0x0000000100000000)
  eden space 12288K, 37% used [0x00000000eab00000,0x00000000eaf83cd0,0x00000000eb700000)
  from space 3072K, 41% used [0x00000000eba00000,0x00000000ebb40000,0x00000000ebd00000)
  to   space 3072K, 0% used [0x00000000eb700000,0x00000000eb700000,0x00000000eba00000)
 ParOldGen       total 96768K, used 6081K [0x00000000c0000000, 0x00000000c5e80000, 0x00000000eab00000)
  object space 96768K, 6% used [0x00000000c0000000,0x00000000c05f0770,0x00000000c5e80000)
 Metaspace       used 6068K, capacity 7088K, committed 7296K, reserved 1056768K
  class space    used 608K, capacity 616K, committed 640K, reserved 1048576K

Card table byte_map: [0x0000000011e50000,0x0000000012060000] byte_map_base: 0x0000000011850000

Marking Bits: (ParMarkBitMap*) 0x0000000059dd13b0
 Begin Bits: [0x00000000125c0000, 0x00000000135c0000)
 End Bits:   [0x00000000135c0000, 0x00000000145c0000)

Polling page: 0x0000000002690000

CodeCache: size=245760Kb used=5701Kb max_used=5701Kb free=240058Kb
 bounds [0x0000000002a90000, 0x0000000003030000, 0x0000000011a90000]
 total_blobs=1871 nmethods=1608 adapters=177
 compilation: enabled

Compilation events (10 events):
Event: 8.066 Thread 0x0000000015178800 1306       2       com.android.dx.rop.code.BasicBlockList$RegCountVisitor::<init> (10 bytes)
Event: 8.067 Thread 0x0000000015178800 nmethod 1306 0x0000000002f73090 code [0x0000000002f731e0, 0x0000000002f73330]
Event: 8.067 Thread 0x000000001515f000 nmethod 1282 0x0000000002f96d50 code [0x0000000002f96f60, 0x0000000002f983c8]
Event: 8.068 Thread 0x000000001515f000 1292       4       com.android.dx.ssa.DeadCodeRemover::isCircularNoSideEffect (140 bytes)
Event: 8.069 Thread 0x0000000015163000 nmethod 1284% 0x0000000002f99bd0 code [0x0000000002f99e60, 0x0000000002f9b6e0]
Event: 8.071 Thread 0x0000000015163000 1307       4       com.android.dx.rop.code.RegisterSpecSet::equals (106 bytes)
Event: 8.493 Thread 0x0000000015163000 nmethod 1307 0x0000000002f72950 code [0x0000000002f72aa0, 0x0000000002f72e78]
Event: 8.502 Thread 0x0000000015163000 1291       4       com.android.dx.ssa.LocalVariableExtractor::processBlock (383 bytes)
Event: 8.510 Thread 0x0000000015178800 1309       3       com.android.dx.rop.type.Type::isReference (15 bytes)
Event: 8.510 Thread 0x0000000015178800 nmethod 1309 0x0000000002f725d0 code [0x0000000002f72720, 0x0000000002f728d0]

GC Heap History (10 events):
Event: 4.835 GC heap before
{Heap before GC invocations=7 (full 0):
 PSYoungGen      total 5632K, used 5294K [0x00000000eab00000, 0x00000000eb200000, 0x0000000100000000)
  eden space 4096K, 100% used [0x00000000eab00000,0x00000000eaf00000,0x00000000eaf00000)
  from space 1536K, 78% used [0x00000000eb080000,0x00000000eb1ab9e0,0x00000000eb200000)
  to   space 1536K, 0% used [0x00000000eaf00000,0x00000000eaf00000,0x00000000eb080000)
 ParOldGen       total 96768K, used 1473K [0x00000000c0000000, 0x00000000c5e80000, 0x00000000eab00000)
  object space 96768K, 1% used [0x00000000c0000000,0x00000000c01706c8,0x00000000c5e80000)
 Metaspace       used 5439K, capacity 6576K, committed 6784K, reserved 1056768K
  class space    used 581K, capacity 616K, committed 640K, reserved 1048576K
Event: 4.869 GC heap after
Heap after GC invocations=7 (full 0):
 PSYoungGen      total 5632K, used 1520K [0x00000000eab00000, 0x00000000eb700000, 0x0000000100000000)
  eden space 4096K, 0% used [0x00000000eab00000,0x00000000eab00000,0x00000000eaf00000)
  from space 1536K, 98% used [0x00000000eaf00000,0x00000000eb07c028,0x00000000eb080000)
  to   space 2048K, 0% used [0x00000000eb500000,0x00000000eb500000,0x00000000eb700000)
 ParOldGen       total 96768K, used 1848K [0x00000000c0000000, 0x00000000c5e80000, 0x00000000eab00000)
  object space 96768K, 1% used [0x00000000c0000000,0x00000000c01ce1f8,0x00000000c5e80000)
 Metaspace       used 5439K, capacity 6576K, committed 6784K, reserved 1056768K
  class space    used 581K, capacity 616K, committed 640K, reserved 1048576K
}
Event: 5.632 GC heap before
{Heap before GC invocations=8 (full 0):
 PSYoungGen      total 5632K, used 5616K [0x00000000eab00000, 0x00000000eb700000, 0x0000000100000000)
  eden space 4096K, 100% used [0x00000000eab00000,0x00000000eaf00000,0x00000000eaf00000)
  from space 1536K, 98% used [0x00000000eaf00000,0x00000000eb07c028,0x00000000eb080000)
  to   space 2048K, 0% used [0x00000000eb500000,0x00000000eb500000,0x00000000eb700000)
 ParOldGen       total 96768K, used 1848K [0x00000000c0000000, 0x00000000c5e80000, 0x00000000eab00000)
  object space 96768K, 1% used [0x00000000c0000000,0x00000000c01ce1f8,0x00000000c5e80000)
 Metaspace       used 5554K, capacity 6704K, committed 6784K, reserved 1056768K
  class space    used 581K, capacity 616K, committed 640K, reserved 1048576K
Event: 5.824 GC heap after
Heap after GC invocations=8 (full 0):
 PSYoungGen      total 9728K, used 1808K [0x00000000eab00000, 0x00000000eb800000, 0x0000000100000000)
  eden space 7680K, 0% used [0x00000000eab00000,0x00000000eab00000,0x00000000eb280000)
  from space 2048K, 88% used [0x00000000eb500000,0x00000000eb6c4028,0x00000000eb700000)
  to   space 2560K, 0% used [0x00000000eb280000,0x00000000eb280000,0x00000000eb500000)
 ParOldGen       total 96768K, used 1928K [0x00000000c0000000, 0x00000000c5e80000, 0x00000000eab00000)
  object space 96768K, 1% used [0x00000000c0000000,0x00000000c01e2208,0x00000000c5e80000)
 Metaspace       used 5554K, capacity 6704K, committed 6784K, reserved 1056768K
  class space    used 581K, capacity 616K, committed 640K, reserved 1048576K
}
Event: 6.295 GC heap before
{Heap before GC invocations=9 (full 0):
 PSYoungGen      total 9728K, used 9488K [0x00000000eab00000, 0x00000000eb800000, 0x0000000100000000)
  eden space 7680K, 100% used [0x00000000eab00000,0x00000000eb280000,0x00000000eb280000)
  from space 2048K, 88% used [0x00000000eb500000,0x00000000eb6c4028,0x00000000eb700000)
  to   space 2560K, 0% used [0x00000000eb280000,0x00000000eb280000,0x00000000eb500000)
 ParOldGen       total 96768K, used 1928K [0x00000000c0000000, 0x00000000c5e80000, 0x00000000eab00000)
  object space 96768K, 1% used [0x00000000c0000000,0x00000000c01e2208,0x00000000c5e80000)
 Metaspace       used 5611K, capacity 6704K, committed 6784K, reserved 1056768K
  class space    used 584K, capacity 616K, committed 640K, reserved 1048576K
Event: 6.465 GC heap after
Heap after GC invocations=9 (full 0):
 PSYoungGen      total 10240K, used 2528K [0x00000000eab00000, 0x00000000ebd00000, 0x0000000100000000)
  eden space 7680K, 0% used [0x00000000eab00000,0x00000000eab00000,0x00000000eb280000)
  from space 2560K, 98% used [0x00000000eb280000,0x00000000eb4f8028,0x00000000eb500000)
  to   space 3072K, 0% used [0x00000000eba00000,0x00000000eba00000,0x00000000ebd00000)
 ParOldGen       total 96768K, used 2583K [0x00000000c0000000, 0x00000000c5e80000, 0x00000000eab00000)
  object space 96768K, 2% used [0x00000000c0000000,0x00000000c0285f68,0x00000000c5e80000)
 Metaspace       used 5611K, capacity 6704K, committed 6784K, reserved 1056768K
  class space    used 584K, capacity 616K, committed 640K, reserved 1048576K
}
Event: 6.664 GC heap before
{Heap before GC invocations=10 (full 0):
 PSYoungGen      total 10240K, used 10208K [0x00000000eab00000, 0x00000000ebd00000, 0x0000000100000000)
  eden space 7680K, 100% used [0x00000000eab00000,0x00000000eb280000,0x00000000eb280000)
  from space 2560K, 98% used [0x00000000eb280000,0x00000000eb4f8028,0x00000000eb500000)
  to   space 3072K, 0% used [0x00000000eba00000,0x00000000eba00000,0x00000000ebd00000)
 ParOldGen       total 96768K, used 2583K [0x00000000c0000000, 0x00000000c5e80000, 0x00000000eab00000)
  object space 96768K, 2% used [0x00000000c0000000,0x00000000c0285f68,0x00000000c5e80000)
 Metaspace       used 5682K, capacity 6768K, committed 7040K, reserved 1056768K
  class space    used 584K, capacity 616K, committed 640K, reserved 1048576K
Event: 6.887 GC heap after
Heap after GC invocations=10 (full 0):
 PSYoungGen      total 15360K, used 2144K [0x00000000eab00000, 0x00000000ebd00000, 0x0000000100000000)
  eden space 12288K, 0% used [0x00000000eab00000,0x00000000eab00000,0x00000000eb700000)
  from space 3072K, 69% used [0x00000000eba00000,0x00000000ebc18010,0x00000000ebd00000)
  to   space 3072K, 0% used [0x00000000eb700000,0x00000000eb700000,0x00000000eba00000)
 ParOldGen       total 96768K, used 3702K [0x00000000c0000000, 0x00000000c5e80000, 0x00000000eab00000)
  object space 96768K, 3% used [0x00000000c0000000,0x00000000c039dab0,0x00000000c5e80000)
 Metaspace       used 5682K, capacity 6768K, committed 7040K, reserved 1056768K
  class space    used 584K, capacity 616K, committed 640K, reserved 1048576K
}
Event: 8.100 GC heap before
{Heap before GC invocations=11 (full 0):
 PSYoungGen      total 15360K, used 14432K [0x00000000eab00000, 0x00000000ebd00000, 0x0000000100000000)
  eden space 12288K, 100% used [0x00000000eab00000,0x00000000eb700000,0x00000000eb700000)
  from space 3072K, 69% used [0x00000000eba00000,0x00000000ebc18010,0x00000000ebd00000)
  to   space 3072K, 0% used [0x00000000eb700000,0x00000000eb700000,0x00000000eba00000)
 ParOldGen       total 96768K, used 3702K [0x00000000c0000000, 0x00000000c5e80000, 0x00000000eab00000)
  object space 96768K, 3% used [0x00000000c0000000,0x00000000c039dab0,0x00000000c5e80000)
 Metaspace       used 5751K, capacity 6832K, committed 7040K, reserved 1056768K
  class space    used 587K, capacity 616K, committed 640K, reserved 1048576K
Event: 8.491 GC heap after
Heap after GC invocations=11 (full 0):
 PSYoungGen      total 15360K, used 2720K [0x00000000eab00000, 0x00000000ebd00000, 0x0000000100000000)
  eden space 12288K, 0% used [0x00000000eab00000,0x00000000eab00000,0x00000000eb700000)
  from space 3072K, 88% used [0x00000000eb700000,0x00000000eb9a8010,0x00000000eba00000)
  to   space 3072K, 0% used [0x00000000eba00000,0x00000000eba00000,0x00000000ebd00000)
 ParOldGen       total 96768K, used 5333K [0x00000000c0000000, 0x00000000c5e80000, 0x00000000eab00000)
  object space 96768K, 5% used [0x00000000c0000000,0x00000000c0535750,0x00000000c5e80000)
 Metaspace       used 5751K, capacity 6832K, committed 7040K, reserved 1056768K
  class space    used 587K, capacity 616K, committed 640K, reserved 1048576K
}

Deoptimization events (10 events):
Event: 5.215 Thread 0x000000000278d800 Uncommon trap: reason=class_check action=maybe_recompile pc=0x0000000002d5a4ac method=com.android.dx.ssa.NormalSsaInsn.accept(Lcom/android/dx/ssa/SsaInsn$Visitor;)V @ 9
Event: 5.216 Thread 0x000000000278d800 Uncommon trap: reason=class_check action=maybe_recompile pc=0x0000000002d1cf30 method=com.android.dx.ssa.NormalSsaInsn.accept(Lcom/android/dx/ssa/SsaInsn$Visitor;)V @ 9
Event: 5.889 Thread 0x000000000278d800 Uncommon trap: reason=null_check action=make_not_entrant pc=0x0000000002ddc068 method=com.android.dx.ssa.SsaRenamer.getLocalForNewReg(I)Lcom/android/dx/rop/code/LocalItem; @ 19
Event: 6.508 Thread 0x0000000016d1f800 Uncommon trap: reason=null_check action=make_not_entrant pc=0x0000000002de1384 method=com.android.dx.ssa.SsaRenamer.getLocalForNewReg(I)Lcom/android/dx/rop/code/LocalItem; @ 19
Event: 6.599 Thread 0x0000000016d4b800 Uncommon trap: reason=bimorphic action=maybe_recompile pc=0x0000000002d04064 method=java.util.HashMap.getNode(ILjava/lang/Object;)Ljava/util/HashMap$Node; @ 126
Event: 6.599 Thread 0x0000000016d4b800 Uncommon trap: reason=class_check action=maybe_recompile pc=0x0000000002e382d0 method=java.util.HashMap.putVal(ILjava/lang/Object;Ljava/lang/Object;ZZ)Ljava/lang/Object; @ 203
Event: 6.899 Thread 0x0000000016d28800 Uncommon trap: reason=class_check action=maybe_recompile pc=0x0000000002f0f2e0 method=com.android.dx.ssa.SCCP.setLatticeValueTo(IILcom/android/dx/rop/cst/Constant;)Z @ 43
Event: 6.899 Thread 0x0000000016d28800 Uncommon trap: reason=class_check action=maybe_recompile pc=0x0000000002f0f2e0 method=com.android.dx.ssa.SCCP.setLatticeValueTo(IILcom/android/dx/rop/cst/Constant;)Z @ 43
Event: 6.899 Thread 0x0000000016d28800 Uncommon trap: reason=class_check action=maybe_recompile pc=0x0000000002f0f2e0 method=com.android.dx.ssa.SCCP.setLatticeValueTo(IILcom/android/dx/rop/cst/Constant;)Z @ 43
Event: 6.899 Thread 0x0000000016d28800 Uncommon trap: reason=class_check action=maybe_recompile pc=0x0000000002f0f2e0 method=com.android.dx.ssa.SCCP.setLatticeValueTo(IILcom/android/dx/rop/cst/Constant;)Z @ 43

Internal exceptions (10 events):
Event: 4.458 Thread 0x0000000016d1f800 Exception <a 'java/security/PrivilegedActionException'> (0x00000000ead656d8) thrown at [D:\re\workspace\8-2-build-windows-amd64-cygwin\jdk8u5\2488\hotspot\src\share\vm\prims\jvm.cpp, line 1248]
Event: 4.465 Thread 0x0000000016d33000 Exception <a 'java/security/PrivilegedActionException'> (0x00000000ead8e210) thrown at [D:\re\workspace\8-2-build-windows-amd64-cygwin\jdk8u5\2488\hotspot\src\share\vm\prims\jvm.cpp, line 1248]
Event: 4.504 Thread 0x0000000016d28800 Exception <a 'java/security/PrivilegedActionException'> (0x00000000eadc9dc0) thrown at [D:\re\workspace\8-2-build-windows-amd64-cygwin\jdk8u5\2488\hotspot\src\share\vm\prims\jvm.cpp, line 1248]
Event: 5.139 Thread 0x000000000278d800 Implicit null exception at 0x0000000002d64022 to 0x0000000002d64112
Event: 5.889 Thread 0x000000000278d800 Implicit null exception at 0x0000000002ddac95 to 0x0000000002ddc045
Event: 6.282 Thread 0x000000000278d800 Exception <a 'java/security/PrivilegedActionException'> (0x00000000eb1b4930) thrown at [D:\re\workspace\8-2-build-windows-amd64-cygwin\jdk8u5\2488\hotspot\src\share\vm\prims\jvm.cpp, line 1248]
Event: 6.508 Thread 0x0000000016d1f800 Implicit null exception at 0x0000000002ddff88 to 0x0000000002de1349
Event: 7.019 Thread 0x000000000278d800 Exception <a 'java/security/PrivilegedActionException'> (0x00000000eadf0740) thrown at [D:\re\workspace\8-2-build-windows-amd64-cygwin\jdk8u5\2488\hotspot\src\share\vm\prims\jvm.cpp, line 1248]
Event: 7.023 Thread 0x000000000278d800 Exception <a 'java/security/PrivilegedActionException'> (0x00000000eadfacf8) thrown at [D:\re\workspace\8-2-build-windows-amd64-cygwin\jdk8u5\2488\hotspot\src\share\vm\prims\jvm.cpp, line 1248]
Event: 7.025 Thread 0x000000000278d800 Exception <a 'java/security/PrivilegedActionException'> (0x00000000eadfd258) thrown at [D:\re\workspace\8-2-build-windows-amd64-cygwin\jdk8u5\2488\hotspot\src\share\vm\prims\jvm.cpp, line 1248]

Events (10 events):
Event: 7.023 loading class com/android/dx/cf/attrib/AttRuntimeVisibleAnnotations done
Event: 7.025 loading class com/android/dx/cf/attrib/BaseAnnotations
Event: 7.025 loading class com/android/dx/cf/attrib/BaseAnnotations done
Event: 7.129 loading class java/util/HashMap$KeySet
Event: 7.129 loading class java/util/HashMap$KeySet done
Event: 7.129 loading class java/util/HashMap$KeyIterator
Event: 7.129 loading class java/util/HashMap$KeyIterator done
Event: 7.137 Thread 0x0000000016d1f800 Thread exited: 0x0000000016d1f800
Event: 8.096 Executing VM operation: ParallelGCFailedAllocation
Event: 8.492 Executing VM operation: ParallelGCFailedAllocation done


Dynamic libraries:
0x00007ff7ab850000 - 0x00007ff7ab884000 	C:\Program Files\Java\jdk1.8.0_05\bin\java.exe
0x00007ffb4a600000 - 0x00007ffb4a7c1000 	C:\WINDOWS\SYSTEM32\ntdll.dll
0x00007ffb4a270000 - 0x00007ffb4a31d000 	C:\WINDOWS\system32\KERNEL32.DLL
0x00007ffb47320000 - 0x00007ffb47508000 	C:\WINDOWS\system32\KERNELBASE.dll
0x00007ffb4a550000 - 0x00007ffb4a5f7000 	C:\WINDOWS\system32\ADVAPI32.dll
0x00007ffb4a320000 - 0x00007ffb4a3bd000 	C:\WINDOWS\system32\msvcrt.dll
0x00007ffb49240000 - 0x00007ffb4929b000 	C:\WINDOWS\system32\sechost.dll
0x00007ffb4a3d0000 - 0x00007ffb4a4ec000 	C:\WINDOWS\system32\RPCRT4.dll
0x00007ffb49990000 - 0x00007ffb49ae6000 	C:\WINDOWS\system32\USER32.dll
0x00007ffb47a00000 - 0x00007ffb47b86000 	C:\WINDOWS\system32\GDI32.dll
0x00007ffb38080000 - 0x00007ffb382f4000 	C:\WINDOWS\WinSxS\amd64_microsoft.windows.common-controls_6595b64144ccf1df_6.0.10586.494_none_a2d8b04ea53e3145\COMCTL32.dll
0x00007ffb49f20000 - 0x00007ffb4a19d000 	C:\WINDOWS\system32\combase.dll
0x00007ffb477c0000 - 0x00007ffb4782a000 	C:\WINDOWS\system32\bcryptPrimitives.dll
0x00007ffb49450000 - 0x00007ffb4948b000 	C:\WINDOWS\system32\IMM32.DLL
0x0000000058f10000 - 0x0000000058fe2000 	C:\Program Files\Java\jdk1.8.0_05\jre\bin\msvcr100.dll
0x0000000059620000 - 0x0000000059e4a000 	C:\Program Files\Java\jdk1.8.0_05\jre\bin\server\jvm.dll
0x00007ffb49c30000 - 0x00007ffb49c38000 	C:\WINDOWS\system32\PSAPI.DLL
0x00007ffb43ba0000 - 0x00007ffb43bc3000 	C:\WINDOWS\SYSTEM32\WINMM.dll
0x00007ffb42f50000 - 0x00007ffb42f7c000 	C:\WINDOWS\SYSTEM32\WINMMBASE.dll
0x00007ffb47570000 - 0x00007ffb475b3000 	C:\WINDOWS\system32\cfgmgr32.dll
0x00007ffb3c800000 - 0x00007ffb3c809000 	C:\WINDOWS\SYSTEM32\WSOCK32.dll
0x00007ffb49eb0000 - 0x00007ffb49f1b000 	C:\WINDOWS\system32\WS2_32.dll
0x0000000059ff0000 - 0x0000000059fff000 	C:\Program Files\Java\jdk1.8.0_05\jre\bin\verify.dll
0x0000000059fc0000 - 0x0000000059fe8000 	C:\Program Files\Java\jdk1.8.0_05\jre\bin\java.dll
0x0000000059fa0000 - 0x0000000059fb6000 	C:\Program Files\Java\jdk1.8.0_05\jre\bin\zip.dll
0x00007ffb47b90000 - 0x00007ffb490ec000 	C:\WINDOWS\system32\SHELL32.dll
0x00007ffb46cb0000 - 0x00007ffb472f5000 	C:\WINDOWS\system32\windows.storage.dll
0x00007ffb49da0000 - 0x00007ffb49df2000 	C:\WINDOWS\system32\shlwapi.dll
0x00007ffb46c20000 - 0x00007ffb46c2f000 	C:\WINDOWS\system32\kernel.appcore.dll
0x00007ffb47700000 - 0x00007ffb477b5000 	C:\WINDOWS\system32\shcore.dll
0x00007ffb46c30000 - 0x00007ffb46c7b000 	C:\WINDOWS\system32\powrprof.dll
0x00007ffb46c80000 - 0x00007ffb46c94000 	C:\WINDOWS\system32\profapi.dll
0x00007ffb36a50000 - 0x00007ffb36bdc000 	C:\WINDOWS\SYSTEM32\dbghelp.dll

VM Arguments:
jvm_args: -Djava.awt.headless=true -Xmx1024M -Dfile.encoding=windows-1252 -Duser.country=US -Duser.language=en -Duser.variant 
java_command: com.android.dx.command.Main --dex --force-jumbo --num-threads=4 --multi-dex --output D:\Silverkey Tech\MyMovieApp\app\build\intermediates\transforms\dex\debug\folders\1000\10\instant-run_622b43e798c178a27f8718465bf78750ff041ec3 D:\Silverkey Tech\MyMovieApp\app\build\intermediates\incremental-runtime-classes\debug\instant-run.jar
java_class_path (initial): C:\Users\ACali\AppData\Local\Android\sdk\build-tools\23.0.3\lib\dx.jar
Launcher Type: SUN_STANDARD

Environment Variables:
PATH=C:\Program Files\Microsoft MPI\Bin\;C:\WINDOWS\system32;C:\WINDOWS;C:\WINDOWS\System32\Wbem;C:\WINDOWS\System32\WindowsPowerShell\v1.0\;C:\Program Files (x86)\Windows Kits\8.1\Windows Performance Toolkit\;C:\Program Files\Microsoft SQL Server\110\Tools\Binn\;C:\Program Files\Microsoft SQL Server\130\Tools\Binn\;C:\Program Files\Microsoft SQL Server\120\Tools\Binn\;C:\Program Files\dotnet\;C:\Program Files\Git\cmd;C:\Users\ACali\AppData\Local\atom\bin;C:\Program Files (x86)\Microsoft VS Code\bin
USERNAME=ACali
OS=Windows_NT
PROCESSOR_IDENTIFIER=Intel64 Family 6 Model 42 Stepping 7, GenuineIntel



---------------  S Y S T E M  ---------------

OS: Windows 8.1 , 64 bit Build 9600 

CPU:total 4 (2 cores per cpu, 2 threads per core) family 6 model 42 stepping 7, cmov, cx8, fxsr, mmx, sse, sse2, sse3, ssse3, sse4.1, sse4.2, popcnt, avx, clmul, ht, tsc, tscinvbit

Memory: 4k page, physical 6196404k(321108k free), swap 11879056k(4676k free)

vm_info: Java HotSpot(TM) 64-Bit Server VM (25.5-b02) for windows-amd64 JRE (1.8.0_05-b13), built on Mar 18 2014 01:08:39 by "java_re" with MS VC++ 10.0 (VS2010)

time: Sat Sep 10 13:08:18 2016
elapsed time: 10 seconds

