#
# There is insufficient memory for the Java Runtime Environment to continue.
# Native memory allocation (malloc) failed to allocate 68496 bytes for Chunk::new
# Possible reasons:
#   The system is out of physical RAM or swap space
#   In 32 bit mode, the process size limit was hit
# Possible solutions:
#   Reduce memory load on the system
#   Increase physical memory or swap space
#   Check if swap backing store is full
#   Use 64 bit Java on a 64 bit OS
#   Decrease Java heap size (-Xmx/-Xms)
#   Decrease number of Java threads
#   Decrease Java thread stack sizes (-Xss)
#   Set larger code cache with -XX:ReservedCodeCacheSize=
# This output file may be truncated or incomplete.
#
#  Out of Memory Error (allocation.cpp:388), pid=8768, tid=11360
#
# JRE version: Java(TM) SE Runtime Environment (8.0_05-b13) (build 1.8.0_05-b13)
# Java VM: Java HotSpot(TM) 64-Bit Server VM (25.5-b02 mixed mode windows-amd64 compressed oops)
# Failed to write core dump. Minidumps are not enabled by default on client versions of Windows
#

---------------  T H R E A D  ---------------

Current thread (0x000000001575f800):  JavaThread "C2 CompilerThread0" daemon [_thread_in_native, id=11360, stack(0x0000000016cb0000,0x0000000016db0000)]

Stack: [0x0000000016cb0000,0x0000000016db0000]
Native frames: (J=compiled Java code, j=interpreted, Vv=VM code, C=native code)
V  [jvm.dll+0x308dea]


Current CompileTask:
C2:   8113 1055       4       com.android.dx.dex.code.OutputFinisher::updateInfo (44 bytes)


---------------  P R O C E S S  ---------------

Java Threads: ( => current thread )
  0x000000001730c000 JavaThread "pool-1-thread-1" [_thread_new, id=9508, stack(0x0000000000000000,0x0000000000000000)]
  0x0000000015793800 JavaThread "Service Thread" daemon [_thread_blocked, id=7416, stack(0x0000000016fb0000,0x00000000170b0000)]
  0x000000001576d000 JavaThread "C1 CompilerThread2" daemon [_thread_blocked, id=8032, stack(0x0000000016eb0000,0x0000000016fb0000)]
  0x0000000015761800 JavaThread "C2 CompilerThread1" daemon [_thread_blocked, id=6184, stack(0x0000000016db0000,0x0000000016eb0000)]
=>0x000000001575f800 JavaThread "C2 CompilerThread0" daemon [_thread_in_native, id=11360, stack(0x0000000016cb0000,0x0000000016db0000)]
  0x000000001575a800 JavaThread "Attach Listener" daemon [_thread_blocked, id=10908, stack(0x0000000016bb0000,0x0000000016cb0000)]
  0x0000000015758800 JavaThread "Signal Dispatcher" daemon [_thread_blocked, id=772, stack(0x0000000016ab0000,0x0000000016bb0000)]
  0x000000000307f000 JavaThread "Finalizer" daemon [_thread_blocked, id=8860, stack(0x00000000169b0000,0x0000000016ab0000)]
  0x0000000003079800 JavaThread "Reference Handler" daemon [_thread_blocked, id=6976, stack(0x00000000168b0000,0x00000000169b0000)]
  0x0000000002f8d800 JavaThread "main" [_thread_blocked, id=13176, stack(0x0000000002da0000,0x0000000002ea0000)]

Other Threads:
  0x0000000015725000 VMThread [stack: 0x00000000167b0000,0x00000000168b0000] [id=4768]
  0x0000000015797800 WatcherThread [stack: 0x00000000170b0000,0x00000000171b0000] [id=11232]

VM state:synchronizing (normal execution)

VM Mutex/Monitor currently owned by a thread:  ([mutex/lock_event])
[0x0000000002f8ca20] Safepoint_lock - owner thread: 0x0000000015725000
[0x0000000002f8c7a0] Threads_lock - owner thread: 0x0000000015725000

Heap:
 PSYoungGen      total 7680K, used 5011K [0x00000000eab00000, 0x00000000eb580000, 0x0000000100000000)
  eden space 6144K, 56% used [0x00000000eab00000,0x00000000eae68b70,0x00000000eb100000)
  from space 1536K, 99% used [0x00000000eb300000,0x00000000eb47c358,0x00000000eb480000)
  to   space 2048K, 0% used [0x00000000eb100000,0x00000000eb100000,0x00000000eb300000)
 ParOldGen       total 96768K, used 1911K [0x00000000c0000000, 0x00000000c5e80000, 0x00000000eab00000)
  object space 96768K, 1% used [0x00000000c0000000,0x00000000c01ddc60,0x00000000c5e80000)
 Metaspace       used 5531K, capacity 6704K, committed 6784K, reserved 1056768K
  class space    used 581K, capacity 616K, committed 640K, reserved 1048576K

Card table byte_map: [0x0000000012450000,0x0000000012660000] byte_map_base: 0x0000000011e50000

Marking Bits: (ParMarkBitMap*) 0x0000000059dd13b0
 Begin Bits: [0x0000000012bc0000, 0x0000000013bc0000)
 End Bits:   [0x0000000013bc0000, 0x0000000014bc0000)

Polling page: 0x0000000001590000

CodeCache: size=245760Kb used=4024Kb max_used=4037Kb free=241735Kb
 bounds [0x0000000003090000, 0x0000000003490000, 0x0000000012090000]
 total_blobs=1326 nmethods=1064 adapters=176
 compilation: enabled

Compilation events (10 events):
Event: 7.429 Thread 0x0000000015761800 1053       4       com.android.dx.rop.code.RegisterSpecList::<init> (6 bytes)
Event: 7.430 Thread 0x000000001576d000 1054       3       com.android.dx.dex.code.RopTranslator$LocalVariableAwareTranslationVisitor::visitThrowingCstInsn (11 bytes)
Event: 7.433 Thread 0x000000001576d000 nmethod 1054 0x0000000003466790 code [0x00000000034669a0, 0x0000000003467438]
Event: 7.434 Thread 0x000000001575f800 1055       4       com.android.dx.dex.code.OutputFinisher::updateInfo (44 bytes)
Event: 7.434 Thread 0x0000000015761800 nmethod 1053 0x000000000346d6d0 code [0x000000000346d820, 0x000000000346d958]
Event: 7.435 Thread 0x000000001576d000 1056       3       com.android.dx.dex.code.SimpleInsn::<init> (8 bytes)
Event: 7.435 Thread 0x000000001576d000 nmethod 1056 0x000000000346d1d0 code [0x000000000346d340, 0x000000000346d508]
Event: 7.438 Thread 0x000000001576d000 1057       3       com.android.dx.rop.code.RegisterSpecList::withFirst (64 bytes)
Event: 7.442 Thread 0x000000001576d000 nmethod 1057 0x000000000346fc50 code [0x000000000346fec0, 0x0000000003471128]
Event: 7.442 Thread 0x000000001576d000 1060       3       com.android.dx.dex.code.RopTranslator$TranslationVisitor::visitThrowingCstInsn (225 bytes)

GC Heap History (10 events):
Event: 1.889 GC heap before
{Heap before GC invocations=6 (full 0):
 PSYoungGen      total 1536K, used 1520K [0x00000000eab00000, 0x00000000eaf00000, 0x0000000100000000)
  eden space 1024K, 100% used [0x00000000eab00000,0x00000000eac00000,0x00000000eac00000)
  from space 512K, 97% used [0x00000000eac00000,0x00000000eac7c290,0x00000000eac80000)
  to   space 1024K, 0% used [0x00000000eae00000,0x00000000eae00000,0x00000000eaf00000)
 ParOldGen       total 96768K, used 770K [0x00000000c0000000, 0x00000000c5e80000, 0x00000000eab00000)
  object space 96768K, 0% used [0x00000000c0000000,0x00000000c00c0898,0x00000000c5e80000)
 Metaspace       used 4058K, capacity 5392K, committed 5760K, reserved 1056768K
  class space    used 461K, capacity 520K, committed 640K, reserved 1048576K
Event: 1.891 GC heap after
Heap after GC invocations=6 (full 0):
 PSYoungGen      total 3072K, used 876K [0x00000000eab00000, 0x00000000eaf00000, 0x0000000100000000)
  eden space 2048K, 0% used [0x00000000eab00000,0x00000000eab00000,0x00000000ead00000)
  from space 1024K, 85% used [0x00000000eae00000,0x00000000eaedb008,0x00000000eaf00000)
  to   space 1024K, 0% used [0x00000000ead00000,0x00000000ead00000,0x00000000eae00000)
 ParOldGen       total 96768K, used 778K [0x00000000c0000000, 0x00000000c5e80000, 0x00000000eab00000)
  object space 96768K, 0% used [0x00000000c0000000,0x00000000c00c2898,0x00000000c5e80000)
 Metaspace       used 4058K, capacity 5392K, committed 5760K, reserved 1056768K
  class space    used 461K, capacity 520K, committed 640K, reserved 1048576K
}
Event: 2.410 GC heap before
{Heap before GC invocations=7 (full 0):
 PSYoungGen      total 3072K, used 2924K [0x00000000eab00000, 0x00000000eaf00000, 0x0000000100000000)
  eden space 2048K, 100% used [0x00000000eab00000,0x00000000ead00000,0x00000000ead00000)
  from space 1024K, 85% used [0x00000000eae00000,0x00000000eaedb008,0x00000000eaf00000)
  to   space 1024K, 0% used [0x00000000ead00000,0x00000000ead00000,0x00000000eae00000)
 ParOldGen       total 96768K, used 778K [0x00000000c0000000, 0x00000000c5e80000, 0x00000000eab00000)
  object space 96768K, 0% used [0x00000000c0000000,0x00000000c00c2898,0x00000000c5e80000)
 Metaspace       used 4655K, capacity 5872K, committed 6016K, reserved 1056768K
  class space    used 519K, capacity 552K, committed 640K, reserved 1048576K
Event: 2.433 GC heap after
Heap after GC invocations=7 (full 0):
 PSYoungGen      total 3072K, used 1006K [0x00000000eab00000, 0x00000000eb200000, 0x0000000100000000)
  eden space 2048K, 0% used [0x00000000eab00000,0x00000000eab00000,0x00000000ead00000)
  from space 1024K, 98% used [0x00000000ead00000,0x00000000eadfb888,0x00000000eae00000)
  to   space 1536K, 0% used [0x00000000eb080000,0x00000000eb080000,0x00000000eb200000)
 ParOldGen       total 96768K, used 1062K [0x00000000c0000000, 0x00000000c5e80000, 0x00000000eab00000)
  object space 96768K, 1% used [0x00000000c0000000,0x00000000c0109960,0x00000000c5e80000)
 Metaspace       used 4655K, capacity 5872K, committed 6016K, reserved 1056768K
  class space    used 519K, capacity 552K, committed 640K, reserved 1048576K
}
Event: 3.237 GC heap before
{Heap before GC invocations=8 (full 0):
 PSYoungGen      total 3072K, used 3050K [0x00000000eab00000, 0x00000000eb200000, 0x0000000100000000)
  eden space 2048K, 99% used [0x00000000eab00000,0x00000000eacff270,0x00000000ead00000)
  from space 1024K, 98% used [0x00000000ead00000,0x00000000eadfb888,0x00000000eae00000)
  to   space 1536K, 0% used [0x00000000eb080000,0x00000000eb080000,0x00000000eb200000)
 ParOldGen       total 96768K, used 1062K [0x00000000c0000000, 0x00000000c5e80000, 0x00000000eab00000)
  object space 96768K, 1% used [0x00000000c0000000,0x00000000c0109960,0x00000000c5e80000)
 Metaspace       used 5104K, capacity 6320K, committed 6528K, reserved 1056768K
  class space    used 569K, capacity 616K, committed 640K, reserved 1048576K
Event: 3.247 GC heap after
Heap after GC invocations=8 (full 0):
 PSYoungGen      total 5632K, used 1187K [0x00000000eab00000, 0x00000000eb200000, 0x0000000100000000)
  eden space 4096K, 0% used [0x00000000eab00000,0x00000000eab00000,0x00000000eaf00000)
  from space 1536K, 77% used [0x00000000eb080000,0x00000000eb1a8ff8,0x00000000eb200000)
  to   space 1536K, 0% used [0x00000000eaf00000,0x00000000eaf00000,0x00000000eb080000)
 ParOldGen       total 96768K, used 1110K [0x00000000c0000000, 0x00000000c5e80000, 0x00000000eab00000)
  object space 96768K, 1% used [0x00000000c0000000,0x00000000c0115960,0x00000000c5e80000)
 Metaspace       used 5104K, capacity 6320K, committed 6528K, reserved 1056768K
  class space    used 569K, capacity 616K, committed 640K, reserved 1048576K
}
Event: 3.868 GC heap before
{Heap before GC invocations=9 (full 0):
 PSYoungGen      total 5632K, used 5283K [0x00000000eab00000, 0x00000000eb200000, 0x0000000100000000)
  eden space 4096K, 100% used [0x00000000eab00000,0x00000000eaf00000,0x00000000eaf00000)
  from space 1536K, 77% used [0x00000000eb080000,0x00000000eb1a8ff8,0x00000000eb200000)
  to   space 1536K, 0% used [0x00000000eaf00000,0x00000000eaf00000,0x00000000eb080000)
 ParOldGen       total 96768K, used 1110K [0x00000000c0000000, 0x00000000c5e80000, 0x00000000eab00000)
  object space 96768K, 1% used [0x00000000c0000000,0x00000000c0115960,0x00000000c5e80000)
 Metaspace       used 5440K, capacity 6576K, committed 6784K, reserved 1056768K
  class space    used 580K, capacity 616K, committed 640K, reserved 1048576K
Event: 4.422 GC heap after
Heap after GC invocations=9 (full 0):
 PSYoungGen      total 5632K, used 1504K [0x00000000eab00000, 0x00000000eb480000, 0x0000000100000000)
  eden space 4096K, 0% used [0x00000000eab00000,0x00000000eab00000,0x00000000eaf00000)
  from space 1536K, 97% used [0x00000000eaf00000,0x00000000eb078018,0x00000000eb080000)
  to   space 1536K, 0% used [0x00000000eb300000,0x00000000eb300000,0x00000000eb480000)
 ParOldGen       total 96768K, used 1363K [0x00000000c0000000, 0x00000000c5e80000, 0x00000000eab00000)
  object space 96768K, 1% used [0x00000000c0000000,0x00000000c0154c38,0x00000000c5e80000)
 Metaspace       used 5440K, capacity 6576K, committed 6784K, reserved 1056768K
  class space    used 580K, capacity 616K, committed 640K, reserved 1048576K
}
Event: 5.663 GC heap before
{Heap before GC invocations=10 (full 0):
 PSYoungGen      total 5632K, used 5600K [0x00000000eab00000, 0x00000000eb480000, 0x0000000100000000)
  eden space 4096K, 100% used [0x00000000eab00000,0x00000000eaf00000,0x00000000eaf00000)
  from space 1536K, 97% used [0x00000000eaf00000,0x00000000eb078018,0x00000000eb080000)
  to   space 1536K, 0% used [0x00000000eb300000,0x00000000eb300000,0x00000000eb480000)
 ParOldGen       total 96768K, used 1363K [0x00000000c0000000, 0x00000000c5e80000, 0x00000000eab00000)
  object space 96768K, 1% used [0x00000000c0000000,0x00000000c0154c38,0x00000000c5e80000)
 Metaspace       used 5511K, capacity 6640K, committed 6784K, reserved 1056768K
  class space    used 580K, capacity 616K, committed 640K, reserved 1048576K
Event: 5.681 GC heap after
Heap after GC invocations=10 (full 0):
 PSYoungGen      total 7680K, used 1520K [0x00000000eab00000, 0x00000000eb580000, 0x0000000100000000)
  eden space 6144K, 0% used [0x00000000eab00000,0x00000000eab00000,0x00000000eb100000)
  from space 1536K, 99% used [0x00000000eb300000,0x00000000eb47c358,0x00000000eb480000)
  to   space 2048K, 0% used [0x00000000eb100000,0x00000000eb100000,0x00000000eb300000)
 ParOldGen       total 96768K, used 1911K [0x00000000c0000000, 0x00000000c5e80000, 0x00000000eab00000)
  object space 96768K, 1% used [0x00000000c0000000,0x00000000c01ddc60,0x00000000c5e80000)
 Metaspace       used 5511K, capacity 6640K, committed 6784K, reserved 1056768K
  class space    used 580K, capacity 616K, committed 640K, reserved 1048576K
}

Deoptimization events (0 events):
No events

Internal exceptions (10 events):
Event: 3.265 Thread 0x00000000173f9800 Exception <a 'java/security/PrivilegedActionException'> (0x00000000eab26e50) thrown at [D:\re\workspace\8-2-build-windows-amd64-cygwin\jdk8u5\2488\hotspot\src\share\vm\prims\jvm.cpp, line 1248]
Event: 3.267 Thread 0x00000000172eb000 Exception <a 'java/security/PrivilegedActionException'> (0x00000000eab0e7d8) thrown at [D:\re\workspace\8-2-build-windows-amd64-cygwin\jdk8u5\2488\hotspot\src\share\vm\prims\jvm.cpp, line 1248]
Event: 3.300 Thread 0x00000000172eb000 Exception <a 'java/security/PrivilegedActionException'> (0x00000000eab38c88) thrown at [D:\re\workspace\8-2-build-windows-amd64-cygwin\jdk8u5\2488\hotspot\src\share\vm\prims\jvm.cpp, line 1248]
Event: 3.301 Thread 0x00000000172eb000 Exception <a 'java/security/PrivilegedActionException'> (0x00000000eab3d460) thrown at [D:\re\workspace\8-2-build-windows-amd64-cygwin\jdk8u5\2488\hotspot\src\share\vm\prims\jvm.cpp, line 1248]
Event: 3.303 Thread 0x00000000172eb000 Exception <a 'java/security/PrivilegedActionException'> (0x00000000eab428e8) thrown at [D:\re\workspace\8-2-build-windows-amd64-cygwin\jdk8u5\2488\hotspot\src\share\vm\prims\jvm.cpp, line 1248]
Event: 3.306 Thread 0x00000000172eb000 Exception <a 'java/security/PrivilegedActionException'> (0x00000000eab46d68) thrown at [D:\re\workspace\8-2-build-windows-amd64-cygwin\jdk8u5\2488\hotspot\src\share\vm\prims\jvm.cpp, line 1248]
Event: 3.307 Thread 0x00000000172eb000 Exception <a 'java/security/PrivilegedActionException'> (0x00000000eab53020) thrown at [D:\re\workspace\8-2-build-windows-amd64-cygwin\jdk8u5\2488\hotspot\src\share\vm\prims\jvm.cpp, line 1248]
Event: 3.309 Thread 0x00000000172eb000 Exception <a 'java/security/PrivilegedActionException'> (0x00000000eab587a8) thrown at [D:\re\workspace\8-2-build-windows-amd64-cygwin\jdk8u5\2488\hotspot\src\share\vm\prims\jvm.cpp, line 1248]
Event: 3.309 Thread 0x00000000172eb000 Exception <a 'java/security/PrivilegedActionException'> (0x00000000eab5ba90) thrown at [D:\re\workspace\8-2-build-windows-amd64-cygwin\jdk8u5\2488\hotspot\src\share\vm\prims\jvm.cpp, line 1248]
Event: 3.714 Thread 0x00000000173f6000 Exception <a 'java/security/PrivilegedActionException'> (0x00000000ead29f40) thrown at [D:\re\workspace\8-2-build-windows-amd64-cygwin\jdk8u5\2488\hotspot\src\share\vm\prims\jvm.cpp, line 1248]

Events (10 events):
Event: 4.812 Thread 0x00000000173f6000 DEOPT PACKING pc=0x00000000032c4f4a sp=0x00000000178ae940
Event: 4.812 Thread 0x00000000173f6000 DEOPT UNPACKING pc=0x00000000030d7604 sp=0x00000000178ae6b8 mode 0
Event: 4.893 Executing VM operation: EnableBiasedLocking
Event: 5.154 Executing VM operation: EnableBiasedLocking done
Event: 5.218 Thread 0x00000000173f6000 DEOPT PACKING pc=0x00000000033071fc sp=0x00000000178ae7b0
Event: 5.218 Thread 0x00000000173f6000 DEOPT UNPACKING pc=0x00000000030d7604 sp=0x00000000178ae518 mode 0
Event: 5.227 Thread 0x00000000173f6000 DEOPT PACKING pc=0x00000000033071fc sp=0x00000000178ae7b0
Event: 5.227 Thread 0x00000000173f6000 DEOPT UNPACKING pc=0x00000000030d7604 sp=0x00000000178ae518 mode 0
Event: 5.663 Executing VM operation: ParallelGCFailedAllocation
Event: 5.681 Executing VM operation: ParallelGCFailedAllocation done


Dynamic libraries:
0x00007ff7ab850000 - 0x00007ff7ab884000 	C:\Program Files\Java\jdk1.8.0_05\bin\java.exe
0x00007ffb4a600000 - 0x00007ffb4a7c1000 	C:\WINDOWS\SYSTEM32\ntdll.dll
0x00007ffb4a270000 - 0x00007ffb4a31d000 	C:\WINDOWS\system32\KERNEL32.DLL
0x00007ffb47320000 - 0x00007ffb47508000 	C:\WINDOWS\system32\KERNELBASE.dll
0x00007ffb4a550000 - 0x00007ffb4a5f7000 	C:\WINDOWS\system32\ADVAPI32.dll
0x00007ffb4a320000 - 0x00007ffb4a3bd000 	C:\WINDOWS\system32\msvcrt.dll
0x00007ffb49240000 - 0x00007ffb4929b000 	C:\WINDOWS\system32\sechost.dll
0x00007ffb4a3d0000 - 0x00007ffb4a4ec000 	C:\WINDOWS\system32\RPCRT4.dll
0x00007ffb49990000 - 0x00007ffb49ae6000 	C:\WINDOWS\system32\USER32.dll
0x00007ffb47a00000 - 0x00007ffb47b86000 	C:\WINDOWS\system32\GDI32.dll
0x00007ffb38080000 - 0x00007ffb382f4000 	C:\WINDOWS\WinSxS\amd64_microsoft.windows.common-controls_6595b64144ccf1df_6.0.10586.494_none_a2d8b04ea53e3145\COMCTL32.dll
0x00007ffb49f20000 - 0x00007ffb4a19d000 	C:\WINDOWS\system32\combase.dll
0x00007ffb477c0000 - 0x00007ffb4782a000 	C:\WINDOWS\system32\bcryptPrimitives.dll
0x00007ffb49450000 - 0x00007ffb4948b000 	C:\WINDOWS\system32\IMM32.DLL
0x0000000058f10000 - 0x0000000058fe2000 	C:\Program Files\Java\jdk1.8.0_05\jre\bin\msvcr100.dll
0x0000000059620000 - 0x0000000059e4a000 	C:\Program Files\Java\jdk1.8.0_05\jre\bin\server\jvm.dll
0x00007ffb49c30000 - 0x00007ffb49c38000 	C:\WINDOWS\system32\PSAPI.DLL
0x00007ffb3c800000 - 0x00007ffb3c809000 	C:\WINDOWS\SYSTEM32\WSOCK32.dll
0x00007ffb43ba0000 - 0x00007ffb43bc3000 	C:\WINDOWS\SYSTEM32\WINMM.dll
0x00007ffb49eb0000 - 0x00007ffb49f1b000 	C:\WINDOWS\system32\WS2_32.dll
0x0000000001540000 - 0x000000000156c000 	C:\WINDOWS\SYSTEM32\WINMMBASE.dll
0x00007ffb47570000 - 0x00007ffb475b3000 	C:\WINDOWS\system32\cfgmgr32.dll
0x0000000059ff0000 - 0x0000000059fff000 	C:\Program Files\Java\jdk1.8.0_05\jre\bin\verify.dll
0x0000000059fc0000 - 0x0000000059fe8000 	C:\Program Files\Java\jdk1.8.0_05\jre\bin\java.dll
0x0000000059fa0000 - 0x0000000059fb6000 	C:\Program Files\Java\jdk1.8.0_05\jre\bin\zip.dll
0x00007ffb47b90000 - 0x00007ffb490ec000 	C:\WINDOWS\system32\SHELL32.dll
0x00007ffb46cb0000 - 0x00007ffb472f5000 	C:\WINDOWS\system32\windows.storage.dll
0x00007ffb49da0000 - 0x00007ffb49df2000 	C:\WINDOWS\system32\shlwapi.dll
0x00007ffb46c20000 - 0x00007ffb46c2f000 	C:\WINDOWS\system32\kernel.appcore.dll
0x00007ffb47700000 - 0x00007ffb477b5000 	C:\WINDOWS\system32\shcore.dll
0x00007ffb46c30000 - 0x00007ffb46c7b000 	C:\WINDOWS\system32\powrprof.dll
0x00007ffb46c80000 - 0x00007ffb46c94000 	C:\WINDOWS\system32\profapi.dll
0x00007ffb36a50000 - 0x00007ffb36bdc000 	C:\WINDOWS\SYSTEM32\dbghelp.dll

VM Arguments:
jvm_args: -Djava.awt.headless=true -Xmx1024M -Dfile.encoding=windows-1252 -Duser.country=US -Duser.language=en -Duser.variant 
java_command: com.android.dx.command.Main --dex --force-jumbo --num-threads=4 --multi-dex --output D:\Silverkey Tech\MyMovieApp\app\build\intermediates\transforms\dex\debug\folders\1000\5\slice_9 D:\Silverkey Tech\MyMovieApp\app\build\intermediates\transforms\instantRunSlicer\debug\folders\1\5\slice_9
java_class_path (initial): C:\Users\ACali\AppData\Local\Android\sdk\build-tools\23.0.3\lib\dx.jar
Launcher Type: SUN_STANDARD

Environment Variables:
PATH=C:\Program Files\Microsoft MPI\Bin\;C:\WINDOWS\system32;C:\WINDOWS;C:\WINDOWS\System32\Wbem;C:\WINDOWS\System32\WindowsPowerShell\v1.0\;C:\Program Files (x86)\Windows Kits\8.1\Windows Performance Toolkit\;C:\Program Files\Microsoft SQL Server\110\Tools\Binn\;C:\Program Files\Microsoft SQL Server\130\Tools\Binn\;C:\Program Files\Microsoft SQL Server\120\Tools\Binn\;C:\Program Files\dotnet\;C:\Program Files\Git\cmd;C:\Users\ACali\AppData\Local\atom\bin;C:\Program Files (x86)\Microsoft VS Code\bin
USERNAME=ACali
OS=Windows_NT
PROCESSOR_IDENTIFIER=Intel64 Family 6 Model 42 Stepping 7, GenuineIntel



---------------  S Y S T E M  ---------------

OS: Windows 8.1 , 64 bit Build 9600 

CPU:total 4 (2 cores per cpu, 2 threads per core) family 6 model 42 stepping 7, cmov, cx8, fxsr, mmx, sse, sse2, sse3, ssse3, sse4.1, sse4.2, popcnt, avx, clmul, ht, tsc, tscinvbit

Memory: 4k page, physical 6196404k(333288k free), swap 11879056k(2076k free)

vm_info: Java HotSpot(TM) 64-Bit Server VM (25.5-b02) for windows-amd64 JRE (1.8.0_05-b13), built on Mar 18 2014 01:08:39 by "java_re" with MS VC++ 10.0 (VS2010)

time: Sat Sep 10 13:08:17 2016
elapsed time: 8 seconds

