#
# There is insufficient memory for the Java Runtime Environment to continue.
# Native memory allocation (malloc) failed to allocate 1566896 bytes for Chunk::new
# Possible reasons:
#   The system is out of physical RAM or swap space
#   In 32 bit mode, the process size limit was hit
# Possible solutions:
#   Reduce memory load on the system
#   Increase physical memory or swap space
#   Check if swap backing store is full
#   Use 64 bit Java on a 64 bit OS
#   Decrease Java heap size (-Xmx/-Xms)
#   Decrease number of Java threads
#   Decrease Java thread stack sizes (-Xss)
#   Set larger code cache with -XX:ReservedCodeCacheSize=
# This output file may be truncated or incomplete.
#
#  Out of Memory Error (allocation.cpp:388), pid=11008, tid=8056
#
# JRE version: Java(TM) SE Runtime Environment (8.0_05-b13) (build 1.8.0_05-b13)
# Java VM: Java HotSpot(TM) 64-Bit Server VM (25.5-b02 mixed mode windows-amd64 compressed oops)
# Failed to write core dump. Minidumps are not enabled by default on client versions of Windows
#

---------------  T H R E A D  ---------------

Current thread (0x0000000014d01000):  JavaThread "C2 CompilerThread1" daemon [_thread_in_native, id=8056, stack(0x0000000016350000,0x0000000016450000)]

Stack: [0x0000000016350000,0x0000000016450000]
Native frames: (J=compiled Java code, j=interpreted, Vv=VM code, C=native code)
V  [jvm.dll+0x308dea]
V  [jvm.dll+0x25def1]
V  [jvm.dll+0x25eb0f]
V  [jvm.dll+0x2564e5]
V  [jvm.dll+0xbcfc5]
V  [jvm.dll+0xbd45c]
V  [jvm.dll+0x44d422]
V  [jvm.dll+0x48e13f]
V  [jvm.dll+0x442075]
V  [jvm.dll+0x44366b]
V  [jvm.dll+0x427532]
V  [jvm.dll+0x96702]
V  [jvm.dll+0x96ef3]
V  [jvm.dll+0x2232c4]
V  [jvm.dll+0x27baca]
C  [msvcr100.dll+0x21d9f]
C  [msvcr100.dll+0x21e3b]
C  [KERNEL32.DLL+0x18102]
C  [ntdll.dll+0x5c5b4]


Current CompileTask:
C2:   3925 1474   !   4       com.android.dx.cf.code.BytecodeArray::parseInstruction (2764 bytes)


---------------  P R O C E S S  ---------------

Java Threads: ( => current thread )
  0x0000000016831800 JavaThread "pool-2-thread-4" [_thread_in_vm, id=7152, stack(0x0000000016f50000,0x0000000017050000)]
  0x0000000016830000 JavaThread "pool-2-thread-3" [_thread_in_Java, id=3608, stack(0x0000000016e50000,0x0000000016f50000)]
  0x000000001682f800 JavaThread "pool-2-thread-2" [_thread_in_Java, id=10412, stack(0x0000000016d50000,0x0000000016e50000)]
  0x00000000167a8000 JavaThread "pool-3-thread-1" [_thread_blocked, id=7428, stack(0x0000000016c50000,0x0000000016d50000)]
  0x0000000016849000 JavaThread "pool-2-thread-1" [_thread_in_Java, id=10356, stack(0x0000000016b50000,0x0000000016c50000)]
  0x0000000014d5d800 JavaThread "Service Thread" daemon [_thread_blocked, id=12460, stack(0x0000000016950000,0x0000000016a50000)]
  0x0000000014d47800 JavaThread "C1 CompilerThread2" daemon [_thread_blocked, id=10468, stack(0x0000000016450000,0x0000000016550000)]
=>0x0000000014d01000 JavaThread "C2 CompilerThread1" daemon [_thread_in_native, id=8056, stack(0x0000000016350000,0x0000000016450000)]
  0x0000000014cfb800 JavaThread "C2 CompilerThread0" daemon [_thread_in_native, id=4716, stack(0x0000000016250000,0x0000000016350000)]
  0x0000000014cfa000 JavaThread "Attach Listener" daemon [_thread_blocked, id=3096, stack(0x0000000016150000,0x0000000016250000)]
  0x0000000014cf8800 JavaThread "Signal Dispatcher" daemon [_thread_blocked, id=9328, stack(0x0000000016050000,0x0000000016150000)]
  0x000000000261e800 JavaThread "Finalizer" daemon [_thread_blocked, id=11680, stack(0x0000000015f50000,0x0000000016050000)]
  0x000000000261b000 JavaThread "Reference Handler" daemon [_thread_blocked, id=9316, stack(0x0000000015e50000,0x0000000015f50000)]
  0x000000000223d800 JavaThread "main" [_thread_in_Java, id=10520, stack(0x0000000002430000,0x0000000002530000)]

Other Threads:
  0x0000000014cc5000 VMThread [stack: 0x0000000015d50000,0x0000000015e50000] [id=9716]
  0x0000000016566000 WatcherThread [stack: 0x0000000016a50000,0x0000000016b50000] [id=11840]

VM state:not at safepoint (normal execution)

VM Mutex/Monitor currently owned by a thread: None

Heap:
 PSYoungGen      total 14848K, used 9749K [0x00000000eab00000, 0x00000000ec380000, 0x0000000100000000)
  eden space 11776K, 62% used [0x00000000eab00000,0x00000000eb23d7c0,0x00000000eb680000)
  from space 3072K, 76% used [0x00000000eb680000,0x00000000eb8c8010,0x00000000eb980000)
  to   space 3072K, 0% used [0x00000000ec080000,0x00000000ec080000,0x00000000ec380000)
 ParOldGen       total 96768K, used 8909K [0x00000000c0000000, 0x00000000c5e80000, 0x00000000eab00000)
  object space 96768K, 9% used [0x00000000c0000000,0x00000000c08b3508,0x00000000c5e80000)
 Metaspace       used 5846K, capacity 6896K, committed 7040K, reserved 1056768K
  class space    used 589K, capacity 616K, committed 640K, reserved 1048576K

Card table byte_map: [0x00000000119f0000,0x0000000011c00000] byte_map_base: 0x00000000113f0000

Marking Bits: (ParMarkBitMap*) 0x0000000059dd13b0
 Begin Bits: [0x0000000012160000, 0x0000000013160000)
 End Bits:   [0x0000000013160000, 0x0000000014160000)

Polling page: 0x00000000021a0000

CodeCache: size=245760Kb used=5790Kb max_used=5790Kb free=239969Kb
 bounds [0x0000000002630000, 0x0000000002be0000, 0x0000000011630000]
 total_blobs=1740 nmethods=1477 adapters=176
 compilation: enabled

Compilation events (10 events):
Event: 3.754 Thread 0x0000000014d47800 1488       3       com.android.dx.rop.code.RegisterSpec::withLocalItem (41 bytes)
Event: 3.756 Thread 0x0000000014d47800 nmethod 1488 0x0000000002bc3250 code [0x0000000002bc33e0, 0x0000000002bc38d8]
Event: 3.798 Thread 0x0000000014d47800 1495       1       com.android.dx.cf.code.ByteOps::opInfo (6 bytes)
Event: 3.798 Thread 0x0000000014d47800 nmethod 1495 0x000000000273ba10 code [0x000000000273bb60, 0x000000000273bc70]
Event: 3.799 Thread 0x0000000014d47800 1496       2       com.android.dx.cf.code.ValueAwareMachine::run (1142 bytes)
Event: 3.808 Thread 0x0000000014d47800 nmethod 1496 0x0000000002bd6cd0 code [0x0000000002bd7080, 0x0000000002bd8878]
Event: 3.810 Thread 0x0000000014d47800 1497       2       com.android.dx.cf.code.BaseMachine::getLocalTarget (151 bytes)
Event: 3.813 Thread 0x0000000014d47800 nmethod 1497 0x0000000002bc2510 code [0x0000000002bc2720, 0x0000000002bc2d88]
Event: 3.817 Thread 0x0000000014d47800 1498       2       com.android.dx.rop.code.Rops::opPutField (97 bytes)
Event: 3.819 Thread 0x0000000014d47800 nmethod 1498 0x0000000002bc1b50 code [0x0000000002bc1d20, 0x0000000002bc2258]

GC Heap History (10 events):
Event: 1.931 GC heap before
{Heap before GC invocations=9 (full 0):
 PSYoungGen      total 9216K, used 8794K [0x00000000eab00000, 0x00000000eb600000, 0x0000000100000000)
  eden space 7168K, 100% used [0x00000000eab00000,0x00000000eb200000,0x00000000eb200000)
  from space 2048K, 79% used [0x00000000eb400000,0x00000000eb596a98,0x00000000eb600000)
  to   space 2048K, 0% used [0x00000000eb200000,0x00000000eb200000,0x00000000eb400000)
 ParOldGen       total 96768K, used 1695K [0x00000000c0000000, 0x00000000c5e80000, 0x00000000eab00000)
  object space 96768K, 1% used [0x00000000c0000000,0x00000000c01a7f48,0x00000000c5e80000)
 Metaspace       used 5657K, capacity 6704K, committed 6784K, reserved 1056768K
  class space    used 586K, capacity 616K, committed 640K, reserved 1048576K
Event: 1.938 GC heap after
Heap after GC invocations=9 (full 0):
 PSYoungGen      total 9216K, used 2016K [0x00000000eab00000, 0x00000000ebc80000, 0x0000000100000000)
  eden space 7168K, 0% used [0x00000000eab00000,0x00000000eab00000,0x00000000eb200000)
  from space 2048K, 98% used [0x00000000eb200000,0x00000000eb3f8018,0x00000000eb400000)
  to   space 3072K, 0% used [0x00000000eb980000,0x00000000eb980000,0x00000000ebc80000)
 ParOldGen       total 96768K, used 2599K [0x00000000c0000000, 0x00000000c5e80000, 0x00000000eab00000)
  object space 96768K, 2% used [0x00000000c0000000,0x00000000c0289e70,0x00000000c5e80000)
 Metaspace       used 5657K, capacity 6704K, committed 6784K, reserved 1056768K
  class space    used 586K, capacity 616K, committed 640K, reserved 1048576K
}
Event: 2.260 GC heap before
{Heap before GC invocations=10 (full 0):
 PSYoungGen      total 9216K, used 9184K [0x00000000eab00000, 0x00000000ebc80000, 0x0000000100000000)
  eden space 7168K, 100% used [0x00000000eab00000,0x00000000eb200000,0x00000000eb200000)
  from space 2048K, 98% used [0x00000000eb200000,0x00000000eb3f8018,0x00000000eb400000)
  to   space 3072K, 0% used [0x00000000eb980000,0x00000000eb980000,0x00000000ebc80000)
 ParOldGen       total 96768K, used 2599K [0x00000000c0000000, 0x00000000c5e80000, 0x00000000eab00000)
  object space 96768K, 2% used [0x00000000c0000000,0x00000000c0289e70,0x00000000c5e80000)
 Metaspace       used 5694K, capacity 6768K, committed 7040K, reserved 1056768K
  class space    used 586K, capacity 616K, committed 640K, reserved 1048576K
Event: 2.325 GC heap after
Heap after GC invocations=10 (full 0):
 PSYoungGen      total 14848K, used 2368K [0x00000000eab00000, 0x00000000ebc80000, 0x0000000100000000)
  eden space 11776K, 0% used [0x00000000eab00000,0x00000000eab00000,0x00000000eb680000)
  from space 3072K, 77% used [0x00000000eb980000,0x00000000ebbd0010,0x00000000ebc80000)
  to   space 3072K, 0% used [0x00000000eb680000,0x00000000eb680000,0x00000000eb980000)
 ParOldGen       total 96768K, used 3270K [0x00000000c0000000, 0x00000000c5e80000, 0x00000000eab00000)
  object space 96768K, 3% used [0x00000000c0000000,0x00000000c0331a68,0x00000000c5e80000)
 Metaspace       used 5694K, capacity 6768K, committed 7040K, reserved 1056768K
  class space    used 586K, capacity 616K, committed 640K, reserved 1048576K
}
Event: 2.878 GC heap before
{Heap before GC invocations=11 (full 0):
 PSYoungGen      total 14848K, used 14144K [0x00000000eab00000, 0x00000000ebc80000, 0x0000000100000000)
  eden space 11776K, 100% used [0x00000000eab00000,0x00000000eb680000,0x00000000eb680000)
  from space 3072K, 77% used [0x00000000eb980000,0x00000000ebbd0010,0x00000000ebc80000)
  to   space 3072K, 0% used [0x00000000eb680000,0x00000000eb680000,0x00000000eb980000)
 ParOldGen       total 96768K, used 3270K [0x00000000c0000000, 0x00000000c5e80000, 0x00000000eab00000)
  object space 96768K, 3% used [0x00000000c0000000,0x00000000c0331a68,0x00000000c5e80000)
 Metaspace       used 5789K, capacity 6832K, committed 7040K, reserved 1056768K
  class space    used 588K, capacity 616K, committed 640K, reserved 1048576K
Event: 2.962 GC heap after
Heap after GC invocations=11 (full 0):
 PSYoungGen      total 14848K, used 1824K [0x00000000eab00000, 0x00000000ec380000, 0x0000000100000000)
  eden space 11776K, 0% used [0x00000000eab00000,0x00000000eab00000,0x00000000eb680000)
  from space 3072K, 59% used [0x00000000eb680000,0x00000000eb848000,0x00000000eb980000)
  to   space 3072K, 0% used [0x00000000ec080000,0x00000000ec080000,0x00000000ec380000)
 ParOldGen       total 96768K, used 5184K [0x00000000c0000000, 0x00000000c5e80000, 0x00000000eab00000)
  object space 96768K, 5% used [0x00000000c0000000,0x00000000c05102d0,0x00000000c5e80000)
 Metaspace       used 5789K, capacity 6832K, committed 7040K, reserved 1056768K
  class space    used 588K, capacity 616K, committed 640K, reserved 1048576K
}
Event: 3.154 GC heap before
{Heap before GC invocations=12 (full 0):
 PSYoungGen      total 14848K, used 13600K [0x00000000eab00000, 0x00000000ec380000, 0x0000000100000000)
  eden space 11776K, 100% used [0x00000000eab00000,0x00000000eb680000,0x00000000eb680000)
  from space 3072K, 59% used [0x00000000eb680000,0x00000000eb848000,0x00000000eb980000)
  to   space 3072K, 0% used [0x00000000ec080000,0x00000000ec080000,0x00000000ec380000)
 ParOldGen       total 96768K, used 5184K [0x00000000c0000000, 0x00000000c5e80000, 0x00000000eab00000)
  object space 96768K, 5% used [0x00000000c0000000,0x00000000c05102d0,0x00000000c5e80000)
 Metaspace       used 5830K, capacity 6896K, committed 7040K, reserved 1056768K
  class space    used 588K, capacity 616K, committed 640K, reserved 1048576K
Event: 3.297 GC heap after
Heap after GC invocations=12 (full 0):
 PSYoungGen      total 14848K, used 2289K [0x00000000eab00000, 0x00000000ec380000, 0x0000000100000000)
  eden space 11776K, 0% used [0x00000000eab00000,0x00000000eab00000,0x00000000eb680000)
  from space 3072K, 74% used [0x00000000ec080000,0x00000000ec2bc660,0x00000000ec380000)
  to   space 3072K, 0% used [0x00000000eb680000,0x00000000eb680000,0x00000000eb980000)
 ParOldGen       total 96768K, used 6917K [0x00000000c0000000, 0x00000000c5e80000, 0x00000000eab00000)
  object space 96768K, 7% used [0x00000000c0000000,0x00000000c06c14d0,0x00000000c5e80000)
 Metaspace       used 5830K, capacity 6896K, committed 7040K, reserved 1056768K
  class space    used 588K, capacity 616K, committed 640K, reserved 1048576K
}
Event: 3.588 GC heap before
{Heap before GC invocations=13 (full 0):
 PSYoungGen      total 14848K, used 14065K [0x00000000eab00000, 0x00000000ec380000, 0x0000000100000000)
  eden space 11776K, 100% used [0x00000000eab00000,0x00000000eb680000,0x00000000eb680000)
  from space 3072K, 74% used [0x00000000ec080000,0x00000000ec2bc660,0x00000000ec380000)
  to   space 3072K, 0% used [0x00000000eb680000,0x00000000eb680000,0x00000000eb980000)
 ParOldGen       total 96768K, used 6917K [0x00000000c0000000, 0x00000000c5e80000, 0x00000000eab00000)
  object space 96768K, 7% used [0x00000000c0000000,0x00000000c06c14d0,0x00000000c5e80000)
 Metaspace       used 5833K, capacity 6896K, committed 7040K, reserved 1056768K
  class space    used 588K, capacity 616K, committed 640K, reserved 1048576K
Event: 3.626 GC heap after
Heap after GC invocations=13 (full 0):
 PSYoungGen      total 14848K, used 2336K [0x00000000eab00000, 0x00000000ec380000, 0x0000000100000000)
  eden space 11776K, 0% used [0x00000000eab00000,0x00000000eab00000,0x00000000eb680000)
  from space 3072K, 76% used [0x00000000eb680000,0x00000000eb8c8010,0x00000000eb980000)
  to   space 3072K, 0% used [0x00000000ec080000,0x00000000ec080000,0x00000000ec380000)
 ParOldGen       total 96768K, used 8909K [0x00000000c0000000, 0x00000000c5e80000, 0x00000000eab00000)
  object space 96768K, 9% used [0x00000000c0000000,0x00000000c08b3508,0x00000000c5e80000)
 Metaspace       used 5833K, capacity 6896K, committed 7040K, reserved 1056768K
  class space    used 588K, capacity 616K, committed 640K, reserved 1048576K
}

Deoptimization events (10 events):
Event: 2.013 Thread 0x000000001682f800 Uncommon trap: reason=class_check action=maybe_recompile pc=0x0000000002a55aa4 method=java.util.HashMap.putVal(ILjava/lang/Object;Ljava/lang/Object;ZZ)Ljava/lang/Object; @ 203
Event: 2.014 Thread 0x000000001682f800 Uncommon trap: reason=bimorphic action=maybe_recompile pc=0x000000000284c090 method=java.util.HashMap.getNode(ILjava/lang/Object;)Ljava/util/HashMap$Node; @ 126
Event: 2.023 Thread 0x000000001682f800 Uncommon trap: reason=class_check action=maybe_recompile pc=0x0000000002a5c5f4 method=java.util.HashMap.putVal(ILjava/lang/Object;Ljava/lang/Object;ZZ)Ljava/lang/Object; @ 203
Event: 3.079 Thread 0x0000000016831800 Uncommon trap: reason=unreached action=reinterpret pc=0x0000000002b04840 method=com.android.dx.cf.code.BytecodeArray.parseInstruction(ILcom/android/dx/cf/code/BytecodeArray$Visitor;)I @ 1198
Event: 3.101 Thread 0x0000000016830000 Uncommon trap: reason=null_check action=make_not_entrant pc=0x0000000002934430 method=com.android.dx.ssa.SsaRenamer.getLocalForNewReg(I)Lcom/android/dx/rop/code/LocalItem; @ 19
Event: 3.121 Thread 0x0000000016849000 Uncommon trap: reason=bimorphic action=maybe_recompile pc=0x0000000002bca810 method=com.android.dx.cf.code.BaseMachine.getLocalTarget(Z)Lcom/android/dx/rop/code/RegisterSpec; @ 70
Event: 3.121 Thread 0x0000000016849000 Uncommon trap: reason=bimorphic action=maybe_recompile pc=0x0000000002b45694 method=com.android.dx.cf.code.BaseMachine.getLocalTarget(Z)Lcom/android/dx/rop/code/RegisterSpec; @ 70
Event: 3.123 Thread 0x000000000223d800 Uncommon trap: reason=bimorphic action=maybe_recompile pc=0x0000000002bca810 method=com.android.dx.cf.code.BaseMachine.getLocalTarget(Z)Lcom/android/dx/rop/code/RegisterSpec; @ 70
Event: 3.124 Thread 0x000000000223d800 Uncommon trap: reason=bimorphic action=maybe_recompile pc=0x0000000002b45694 method=com.android.dx.cf.code.BaseMachine.getLocalTarget(Z)Lcom/android/dx/rop/code/RegisterSpec; @ 70
Event: 3.124 Thread 0x000000000223d800 Uncommon trap: reason=bimorphic action=maybe_recompile pc=0x0000000002bca810 method=com.android.dx.cf.code.BaseMachine.getLocalTarget(Z)Lcom/android/dx/rop/code/RegisterSpec; @ 70

Internal exceptions (10 events):
Event: 1.382 Thread 0x0000000016849000 Exception <a 'java/security/PrivilegedActionException'> (0x00000000eadcfdc0) thrown at [D:\re\workspace\8-2-build-windows-amd64-cygwin\jdk8u5\2488\hotspot\src\share\vm\prims\jvm.cpp, line 1248]
Event: 1.562 Thread 0x000000000223d800 Exception <a 'java/security/PrivilegedActionException'> (0x00000000eab1c2f8) thrown at [D:\re\workspace\8-2-build-windows-amd64-cygwin\jdk8u5\2488\hotspot\src\share\vm\prims\jvm.cpp, line 1248]
Event: 1.765 Thread 0x000000000223d800 Exception <a 'java/security/PrivilegedActionException'> (0x00000000eb023808) thrown at [D:\re\workspace\8-2-build-windows-amd64-cygwin\jdk8u5\2488\hotspot\src\share\vm\prims\jvm.cpp, line 1248]
Event: 1.766 Thread 0x000000000223d800 Exception <a 'java/security/PrivilegedActionException'> (0x00000000eb026150) thrown at [D:\re\workspace\8-2-build-windows-amd64-cygwin\jdk8u5\2488\hotspot\src\share\vm\prims\jvm.cpp, line 1248]
Event: 2.501 Thread 0x000000000223d800 Exception <a 'java/security/PrivilegedActionException'> (0x00000000eb48fb10) thrown at [D:\re\workspace\8-2-build-windows-amd64-cygwin\jdk8u5\2488\hotspot\src\share\vm\prims\jvm.cpp, line 1248]
Event: 2.775 Thread 0x000000000223d800 Exception <a 'java/security/PrivilegedActionException'> (0x00000000eb495ae0) thrown at [D:\re\workspace\8-2-build-windows-amd64-cygwin\jdk8u5\2488\hotspot\src\share\vm\prims\jvm.cpp, line 1248]
Event: 2.782 Thread 0x000000000223d800 Exception <a 'java/security/PrivilegedActionException'> (0x00000000eb49b5f8) thrown at [D:\re\workspace\8-2-build-windows-amd64-cygwin\jdk8u5\2488\hotspot\src\share\vm\prims\jvm.cpp, line 1248]
Event: 3.101 Thread 0x0000000016830000 Implicit null exception at 0x00000000029326c5 to 0x0000000002934411
Event: 3.655 Thread 0x000000000223d800 Exception <a 'java/security/PrivilegedActionException'> (0x00000000eadb35e0) thrown at [D:\re\workspace\8-2-build-windows-amd64-cygwin\jdk8u5\2488\hotspot\src\share\vm\prims\jvm.cpp, line 1248]
Event: 3.657 Thread 0x000000000223d800 Exception <a 'java/security/PrivilegedActionException'> (0x00000000eadb5dc8) thrown at [D:\re\workspace\8-2-build-windows-amd64-cygwin\jdk8u5\2488\hotspot\src\share\vm\prims\jvm.cpp, line 1248]

Events (10 events):
Event: 3.504 Thread 0x0000000016849000 DEOPT UNPACKING pc=0x0000000002677604 sp=0x0000000016c4e4c8 mode 0
Event: 3.567 Executing VM operation: ParallelGCFailedAllocation
Event: 3.626 Executing VM operation: ParallelGCFailedAllocation done
Event: 3.655 loading class com/android/dx/cf/attrib/AttDeprecated
Event: 3.655 loading class com/android/dx/cf/attrib/AttDeprecated done
Event: 3.656 loading class com/android/dx/cf/attrib/AttRuntimeVisibleAnnotations
Event: 3.656 loading class com/android/dx/cf/attrib/AttRuntimeVisibleAnnotations done
Event: 3.709 Thread 0x0000000016831800 DEOPT PACKING pc=0x00000000029fd2a9 sp=0x000000001704e870
Event: 3.709 Thread 0x0000000016831800 DEOPT UNPACKING pc=0x0000000002677604 sp=0x000000001704e638 mode 0
Event: 3.711 Thread 0x0000000014d47800 flushing nmethod 0x000000000273ba10


Dynamic libraries:
0x00007ff7ab850000 - 0x00007ff7ab884000 	C:\Program Files\Java\jdk1.8.0_05\bin\java.exe
0x00007ffb4a600000 - 0x00007ffb4a7c1000 	C:\WINDOWS\SYSTEM32\ntdll.dll
0x00007ffb4a270000 - 0x00007ffb4a31d000 	C:\WINDOWS\system32\KERNEL32.DLL
0x00007ffb47320000 - 0x00007ffb47508000 	C:\WINDOWS\system32\KERNELBASE.dll
0x00007ffb4a550000 - 0x00007ffb4a5f7000 	C:\WINDOWS\system32\ADVAPI32.dll
0x00007ffb4a320000 - 0x00007ffb4a3bd000 	C:\WINDOWS\system32\msvcrt.dll
0x00007ffb49240000 - 0x00007ffb4929b000 	C:\WINDOWS\system32\sechost.dll
0x00007ffb4a3d0000 - 0x00007ffb4a4ec000 	C:\WINDOWS\system32\RPCRT4.dll
0x00007ffb49990000 - 0x00007ffb49ae6000 	C:\WINDOWS\system32\USER32.dll
0x00007ffb47a00000 - 0x00007ffb47b86000 	C:\WINDOWS\system32\GDI32.dll
0x00007ffb38080000 - 0x00007ffb382f4000 	C:\WINDOWS\WinSxS\amd64_microsoft.windows.common-controls_6595b64144ccf1df_6.0.10586.494_none_a2d8b04ea53e3145\COMCTL32.dll
0x00007ffb49f20000 - 0x00007ffb4a19d000 	C:\WINDOWS\system32\combase.dll
0x00007ffb477c0000 - 0x00007ffb4782a000 	C:\WINDOWS\system32\bcryptPrimitives.dll
0x00007ffb49450000 - 0x00007ffb4948b000 	C:\WINDOWS\system32\IMM32.DLL
0x0000000058f10000 - 0x0000000058fe2000 	C:\Program Files\Java\jdk1.8.0_05\jre\bin\msvcr100.dll
0x0000000059620000 - 0x0000000059e4a000 	C:\Program Files\Java\jdk1.8.0_05\jre\bin\server\jvm.dll
0x00007ffb49c30000 - 0x00007ffb49c38000 	C:\WINDOWS\system32\PSAPI.DLL
0x00007ffb3c800000 - 0x00007ffb3c809000 	C:\WINDOWS\SYSTEM32\WSOCK32.dll
0x00007ffb43ba0000 - 0x00007ffb43bc3000 	C:\WINDOWS\SYSTEM32\WINMM.dll
0x00007ffb49eb0000 - 0x00007ffb49f1b000 	C:\WINDOWS\system32\WS2_32.dll
0x00007ffb42f50000 - 0x00007ffb42f7c000 	C:\WINDOWS\SYSTEM32\WINMMBASE.dll
0x00007ffb47570000 - 0x00007ffb475b3000 	C:\WINDOWS\system32\cfgmgr32.dll
0x0000000059ff0000 - 0x0000000059fff000 	C:\Program Files\Java\jdk1.8.0_05\jre\bin\verify.dll
0x0000000059fc0000 - 0x0000000059fe8000 	C:\Program Files\Java\jdk1.8.0_05\jre\bin\java.dll
0x0000000059fa0000 - 0x0000000059fb6000 	C:\Program Files\Java\jdk1.8.0_05\jre\bin\zip.dll
0x00007ffb47b90000 - 0x00007ffb490ec000 	C:\WINDOWS\system32\SHELL32.dll
0x00007ffb46cb0000 - 0x00007ffb472f5000 	C:\WINDOWS\system32\windows.storage.dll
0x00007ffb49da0000 - 0x00007ffb49df2000 	C:\WINDOWS\system32\shlwapi.dll
0x00007ffb46c20000 - 0x00007ffb46c2f000 	C:\WINDOWS\system32\kernel.appcore.dll
0x00007ffb47700000 - 0x00007ffb477b5000 	C:\WINDOWS\system32\shcore.dll
0x00007ffb46c30000 - 0x00007ffb46c7b000 	C:\WINDOWS\system32\powrprof.dll
0x00007ffb46c80000 - 0x00007ffb46c94000 	C:\WINDOWS\system32\profapi.dll
0x00007ffb36a50000 - 0x00007ffb36bdc000 	C:\WINDOWS\SYSTEM32\dbghelp.dll

VM Arguments:
jvm_args: -Djava.awt.headless=true -Xmx1024M -Dfile.encoding=windows-1252 -Duser.country=US -Duser.language=en -Duser.variant 
java_command: com.android.dx.command.Main --dex --force-jumbo --num-threads=4 --multi-dex --output D:\Silverkey Tech\MyMovieApp\app\build\intermediates\transforms\dex\debug\folders\1000\10\com.android.support-recyclerview-v7-23.4.0_cf62ce80123645764155296281a01537177c7be2 D:\Silverkey Tech\MyMovieApp\app\build\intermediates\exploded-aar\com.android.support\recyclerview-v7\23.4.0\jars\classes.jar
java_class_path (initial): C:\Users\ACali\AppData\Local\Android\sdk\build-tools\23.0.3\lib\dx.jar
Launcher Type: SUN_STANDARD

Environment Variables:
PATH=C:\Program Files\Microsoft MPI\Bin\;C:\WINDOWS\system32;C:\WINDOWS;C:\WINDOWS\System32\Wbem;C:\WINDOWS\System32\WindowsPowerShell\v1.0\;C:\Program Files (x86)\Windows Kits\8.1\Windows Performance Toolkit\;C:\Program Files\Microsoft SQL Server\110\Tools\Binn\;C:\Program Files\Microsoft SQL Server\130\Tools\Binn\;C:\Program Files\Microsoft SQL Server\120\Tools\Binn\;C:\Program Files\dotnet\;C:\Program Files\Git\cmd;C:\Users\ACali\AppData\Local\atom\bin;C:\Program Files (x86)\Microsoft VS Code\bin
USERNAME=ACali
OS=Windows_NT
PROCESSOR_IDENTIFIER=Intel64 Family 6 Model 42 Stepping 7, GenuineIntel



---------------  S Y S T E M  ---------------

OS: Windows 8.1 , 64 bit Build 9600 

CPU:total 4 (2 cores per cpu, 2 threads per core) family 6 model 42 stepping 7, cmov, cx8, fxsr, mmx, sse, sse2, sse3, ssse3, sse4.1, sse4.2, popcnt, avx, clmul, ht, tsc, tscinvbit

Memory: 4k page, physical 6196404k(433316k free), swap 11879056k(1316k free)

vm_info: Java HotSpot(TM) 64-Bit Server VM (25.5-b02) for windows-amd64 JRE (1.8.0_05-b13), built on Mar 18 2014 01:08:39 by "java_re" with MS VC++ 10.0 (VS2010)

time: Sat Sep 10 13:00:04 2016
elapsed time: 3 seconds

